[25/Mar/2022 09:17:16,403] build_db command called at 2022-03-25 09:17:16.403640
[25/Mar/2022 09:17:16,404] Fetching France's top 500 most popular products on OpenFoodFacts...
[25/Mar/2022 09:17:22,749] Saving products in the database...
[25/Mar/2022 09:17:22,749] Saving product 1/500...
[25/Mar/2022 09:17:22,761] Saving product 2/500...
[25/Mar/2022 09:17:22,763] Saving product 3/500...
[25/Mar/2022 09:17:22,766] Saving product 4/500...
[25/Mar/2022 09:17:22,767] Saving product 5/500...
[25/Mar/2022 09:17:22,770] Saving product 6/500...
[25/Mar/2022 09:17:22,772] Saving product 7/500...
[25/Mar/2022 09:17:22,775] Saving product 8/500...
[25/Mar/2022 09:17:22,778] Saving product 9/500...
[25/Mar/2022 09:17:22,780] Saving product 10/500...
[25/Mar/2022 09:17:22,783] Saving product 11/500...
[25/Mar/2022 09:17:22,785] Saving product 12/500...
[25/Mar/2022 09:17:22,788] Saving product 13/500...
[25/Mar/2022 09:17:22,791] Saving product 14/500...
[25/Mar/2022 09:17:22,794] Saving product 15/500...
[25/Mar/2022 09:17:22,796] Saving product 16/500...
[25/Mar/2022 09:17:22,799] Saving product 17/500...
[25/Mar/2022 09:17:22,802] Saving product 18/500...
[25/Mar/2022 09:17:22,804] Saving product 19/500...
[25/Mar/2022 09:17:22,806] Saving product 20/500...
[25/Mar/2022 09:17:22,809] Saving product 21/500...
[25/Mar/2022 09:17:22,811] Saving product 22/500...
[25/Mar/2022 09:17:22,814] Saving product 23/500...
[25/Mar/2022 09:17:22,816] Saving product 24/500...
[25/Mar/2022 09:17:22,819] Saving product 25/500...
[25/Mar/2022 09:17:22,821] Saving product 26/500...
[25/Mar/2022 09:17:22,824] Saving product 27/500...
[25/Mar/2022 09:17:22,826] Saving product 28/500...
[25/Mar/2022 09:17:22,828] Saving product 29/500...
[25/Mar/2022 09:17:22,831] Saving product 30/500...
[25/Mar/2022 09:17:22,833] Saving product 31/500...
[25/Mar/2022 09:17:22,835] Saving product 32/500...
[25/Mar/2022 09:17:22,838] Saving product 33/500...
[25/Mar/2022 09:17:22,840] Saving product 34/500...
[25/Mar/2022 09:17:22,842] Saving product 35/500...
[25/Mar/2022 09:17:22,845] Saving product 36/500...
[25/Mar/2022 09:17:22,847] Saving product 37/500...
[25/Mar/2022 09:17:22,850] Saving product 38/500...
[25/Mar/2022 09:17:22,852] Saving product 39/500...
[25/Mar/2022 09:17:22,854] Saving product 40/500...
[25/Mar/2022 09:17:22,856] Saving product 41/500...
[25/Mar/2022 09:17:22,859] Saving product 42/500...
[25/Mar/2022 09:17:22,861] Saving product 43/500...
[25/Mar/2022 09:17:22,864] Saving product 44/500...
[25/Mar/2022 09:17:22,866] Saving product 45/500...
[25/Mar/2022 09:17:22,868] Saving product 46/500...
[25/Mar/2022 09:17:22,871] Saving product 47/500...
[25/Mar/2022 09:17:22,873] Saving product 48/500...
[25/Mar/2022 09:17:22,875] Saving product 49/500...
[25/Mar/2022 09:17:22,877] Saving product 50/500...
[25/Mar/2022 09:17:22,880] Saving product 51/500...
[25/Mar/2022 09:17:22,882] Saving product 52/500...
[25/Mar/2022 09:17:22,885] Saving product 53/500...
[25/Mar/2022 09:17:22,885] Saving product 54/500...
[25/Mar/2022 09:17:22,887] Saving product 55/500...
[25/Mar/2022 09:17:22,889] Saving product 56/500...
[25/Mar/2022 09:17:22,891] Saving product 57/500...
[25/Mar/2022 09:17:22,894] Saving product 58/500...
[25/Mar/2022 09:17:22,896] Saving product 59/500...
[25/Mar/2022 09:17:22,898] Saving product 60/500...
[25/Mar/2022 09:17:22,901] Saving product 61/500...
[25/Mar/2022 09:17:22,903] Saving product 62/500...
[25/Mar/2022 09:17:22,906] Saving product 63/500...
[25/Mar/2022 09:17:22,908] Saving product 64/500...
[25/Mar/2022 09:17:22,910] Saving product 65/500...
[25/Mar/2022 09:17:22,913] Saving product 66/500...
[25/Mar/2022 09:17:22,915] Saving product 67/500...
[25/Mar/2022 09:17:22,918] Saving product 68/500...
[25/Mar/2022 09:17:22,920] Saving product 69/500...
[25/Mar/2022 09:17:22,923] Saving product 70/500...
[25/Mar/2022 09:17:22,925] Saving product 71/500...
[25/Mar/2022 09:17:22,927] Saving product 72/500...
[25/Mar/2022 09:17:22,930] Saving product 73/500...
[25/Mar/2022 09:17:22,932] Saving product 74/500...
[25/Mar/2022 09:17:22,935] Saving product 75/500...
[25/Mar/2022 09:17:22,937] Saving product 76/500...
[25/Mar/2022 09:17:22,939] Saving product 77/500...
[25/Mar/2022 09:17:22,941] Saving product 78/500...
[25/Mar/2022 09:17:22,944] Saving product 79/500...
[25/Mar/2022 09:17:22,946] Saving product 80/500...
[25/Mar/2022 09:17:22,949] Saving product 81/500...
[25/Mar/2022 09:17:22,951] Saving product 82/500...
[25/Mar/2022 09:17:22,954] Saving product 83/500...
[25/Mar/2022 09:17:22,956] Saving product 84/500...
[25/Mar/2022 09:17:22,958] Saving product 85/500...
[25/Mar/2022 09:17:22,960] Saving product 86/500...
[25/Mar/2022 09:17:22,963] Saving product 87/500...
[25/Mar/2022 09:17:22,966] Saving product 88/500...
[25/Mar/2022 09:17:22,968] Saving product 89/500...
[25/Mar/2022 09:17:22,970] Saving product 90/500...
[25/Mar/2022 09:17:22,972] Saving product 91/500...
[25/Mar/2022 09:17:22,975] Saving product 92/500...
[25/Mar/2022 09:17:22,977] Saving product 93/500...
[25/Mar/2022 09:17:22,980] Saving product 94/500...
[25/Mar/2022 09:17:22,982] Saving product 95/500...
[25/Mar/2022 09:17:22,985] Saving product 96/500...
[25/Mar/2022 09:17:22,987] Saving product 97/500...
[25/Mar/2022 09:17:22,989] Saving product 98/500...
[25/Mar/2022 09:17:22,991] Saving product 99/500...
[25/Mar/2022 09:17:22,994] Saving product 100/500...
[25/Mar/2022 09:17:22,997] Saving product 101/500...
[25/Mar/2022 09:17:22,999] Saving product 102/500...
[25/Mar/2022 09:17:23,001] Saving product 103/500...
[25/Mar/2022 09:17:23,004] Saving product 104/500...
[25/Mar/2022 09:17:23,006] Saving product 105/500...
[25/Mar/2022 09:17:23,008] Saving product 106/500...
[25/Mar/2022 09:17:23,011] Saving product 107/500...
[25/Mar/2022 09:17:23,014] Saving product 108/500...
[25/Mar/2022 09:17:23,016] Saving product 109/500...
[25/Mar/2022 09:17:23,016] Saving product 110/500...
[25/Mar/2022 09:17:23,019] Saving product 111/500...
[25/Mar/2022 09:17:23,021] Saving product 112/500...
[25/Mar/2022 09:17:23,023] Saving product 113/500...
[25/Mar/2022 09:17:23,025] Saving product 114/500...
[25/Mar/2022 09:17:23,028] Saving product 115/500...
[25/Mar/2022 09:17:23,031] Saving product 116/500...
[25/Mar/2022 09:17:23,033] Saving product 117/500...
[25/Mar/2022 09:17:23,035] Saving product 118/500...
[25/Mar/2022 09:17:23,037] Saving product 119/500...
[25/Mar/2022 09:17:23,040] Saving product 120/500...
[25/Mar/2022 09:17:23,042] Saving product 121/500...
[25/Mar/2022 09:17:23,045] Saving product 122/500...
[25/Mar/2022 09:17:23,047] Saving product 123/500...
[25/Mar/2022 09:17:23,050] Saving product 124/500...
[25/Mar/2022 09:17:23,052] Saving product 125/500...
[25/Mar/2022 09:17:23,054] Saving product 126/500...
[25/Mar/2022 09:17:23,057] Saving product 127/500...
[25/Mar/2022 09:17:23,059] Saving product 128/500...
[25/Mar/2022 09:17:23,062] Saving product 129/500...
[25/Mar/2022 09:17:23,064] Saving product 130/500...
[25/Mar/2022 09:17:23,067] Saving product 131/500...
[25/Mar/2022 09:17:23,069] Saving product 132/500...
[25/Mar/2022 09:17:23,071] Saving product 133/500...
[25/Mar/2022 09:17:23,074] Saving product 134/500...
[25/Mar/2022 09:17:23,076] Saving product 135/500...
[25/Mar/2022 09:17:23,079] Saving product 136/500...
[25/Mar/2022 09:17:23,081] Saving product 137/500...
[25/Mar/2022 09:17:23,084] Saving product 138/500...
[25/Mar/2022 09:17:23,086] Saving product 139/500...
[25/Mar/2022 09:17:23,089] Saving product 140/500...
[25/Mar/2022 09:17:23,091] Saving product 141/500...
[25/Mar/2022 09:17:23,093] Saving product 142/500...
[25/Mar/2022 09:17:23,096] Saving product 143/500...
[25/Mar/2022 09:17:23,098] Saving product 144/500...
[25/Mar/2022 09:17:23,101] Saving product 145/500...
[25/Mar/2022 09:17:23,103] Saving product 146/500...
[25/Mar/2022 09:17:23,105] Saving product 147/500...
[25/Mar/2022 09:17:23,107] Saving product 148/500...
[25/Mar/2022 09:17:23,110] Saving product 149/500...
[25/Mar/2022 09:17:23,112] Saving product 150/500...
[25/Mar/2022 09:17:23,115] Saving product 151/500...
[25/Mar/2022 09:17:23,117] Saving product 152/500...
[25/Mar/2022 09:17:23,119] Saving product 153/500...
[25/Mar/2022 09:17:23,122] Saving product 154/500...
[25/Mar/2022 09:17:23,122] Saving product 155/500...
[25/Mar/2022 09:17:23,124] Saving product 156/500...
[25/Mar/2022 09:17:23,126] Saving product 157/500...
[25/Mar/2022 09:17:23,129] Saving product 158/500...
[25/Mar/2022 09:17:23,131] Saving product 159/500...
[25/Mar/2022 09:17:23,134] Saving product 160/500...
[25/Mar/2022 09:17:23,136] Saving product 161/500...
[25/Mar/2022 09:17:23,139] Saving product 162/500...
[25/Mar/2022 09:17:23,141] Saving product 163/500...
[25/Mar/2022 09:17:23,144] Saving product 164/500...
[25/Mar/2022 09:17:23,146] Saving product 165/500...
[25/Mar/2022 09:17:23,149] Saving product 166/500...
[25/Mar/2022 09:17:23,151] Saving product 167/500...
[25/Mar/2022 09:17:23,153] Saving product 168/500...
[25/Mar/2022 09:17:23,155] Saving product 169/500...
[25/Mar/2022 09:17:23,157] Saving product 170/500...
[25/Mar/2022 09:17:23,160] Saving product 171/500...
[25/Mar/2022 09:17:23,162] Saving product 172/500...
[25/Mar/2022 09:17:23,164] Saving product 173/500...
[25/Mar/2022 09:17:23,167] Saving product 174/500...
[25/Mar/2022 09:17:23,169] Saving product 175/500...
[25/Mar/2022 09:17:23,172] Saving product 176/500...
[25/Mar/2022 09:17:23,174] Saving product 177/500...
[25/Mar/2022 09:17:23,176] Saving product 178/500...
[25/Mar/2022 09:17:23,179] Saving product 179/500...
[25/Mar/2022 09:17:23,181] Saving product 180/500...
[25/Mar/2022 09:17:23,184] Saving product 181/500...
[25/Mar/2022 09:17:23,184] Saving product 182/500...
[25/Mar/2022 09:17:23,186] Saving product 183/500...
[25/Mar/2022 09:17:23,189] Saving product 184/500...
[25/Mar/2022 09:17:23,191] Saving product 185/500...
[25/Mar/2022 09:17:23,193] Saving product 186/500...
[25/Mar/2022 09:17:23,196] Saving product 187/500...
[25/Mar/2022 09:17:23,199] Saving product 188/500...
[25/Mar/2022 09:17:23,201] Saving product 189/500...
[25/Mar/2022 09:17:23,203] Saving product 190/500...
[25/Mar/2022 09:17:23,205] Saving product 191/500...
[25/Mar/2022 09:17:23,208] Saving product 192/500...
[25/Mar/2022 09:17:23,210] Saving product 193/500...
[25/Mar/2022 09:17:23,213] Saving product 194/500...
[25/Mar/2022 09:17:23,215] Saving product 195/500...
[25/Mar/2022 09:17:23,217] Saving product 196/500...
[25/Mar/2022 09:17:23,220] Saving product 197/500...
[25/Mar/2022 09:17:23,222] Saving product 198/500...
[25/Mar/2022 09:17:23,225] Saving product 199/500...
[25/Mar/2022 09:17:23,227] Saving product 200/500...
[25/Mar/2022 09:17:23,230] Saving product 201/500...
[25/Mar/2022 09:17:23,233] Saving product 202/500...
[25/Mar/2022 09:17:23,235] Saving product 203/500...
[25/Mar/2022 09:17:23,237] Saving product 204/500...
[25/Mar/2022 09:17:23,239] Saving product 205/500...
[25/Mar/2022 09:17:23,242] Saving product 206/500...
[25/Mar/2022 09:17:23,245] Saving product 207/500...
[25/Mar/2022 09:17:23,247] Saving product 208/500...
[25/Mar/2022 09:17:23,250] Saving product 209/500...
[25/Mar/2022 09:17:23,252] Saving product 210/500...
[25/Mar/2022 09:17:23,254] Saving product 211/500...
[25/Mar/2022 09:17:23,257] Saving product 212/500...
[25/Mar/2022 09:17:23,259] Saving product 213/500...
[25/Mar/2022 09:17:23,262] Saving product 214/500...
[25/Mar/2022 09:17:23,264] Saving product 215/500...
[25/Mar/2022 09:17:23,266] Saving product 216/500...
[25/Mar/2022 09:17:23,269] Saving product 217/500...
[25/Mar/2022 09:17:23,271] Saving product 218/500...
[25/Mar/2022 09:17:23,273] Saving product 219/500...
[25/Mar/2022 09:17:23,275] Saving product 220/500...
[25/Mar/2022 09:17:23,278] Saving product 221/500...
[25/Mar/2022 09:17:23,280] Saving product 222/500...
[25/Mar/2022 09:17:23,283] Saving product 223/500...
[25/Mar/2022 09:17:23,285] Saving product 224/500...
[25/Mar/2022 09:17:23,287] Saving product 225/500...
[25/Mar/2022 09:17:23,289] Saving product 226/500...
[25/Mar/2022 09:17:23,291] Saving product 227/500...
[25/Mar/2022 09:17:23,294] Saving product 228/500...
[25/Mar/2022 09:17:23,296] Saving product 229/500...
[25/Mar/2022 09:17:23,299] Saving product 230/500...
[25/Mar/2022 09:17:23,301] Saving product 231/500...
[25/Mar/2022 09:17:23,303] Saving product 232/500...
[25/Mar/2022 09:17:23,306] Saving product 233/500...
[25/Mar/2022 09:17:23,308] Saving product 234/500...
[25/Mar/2022 09:17:23,310] Saving product 235/500...
[25/Mar/2022 09:17:23,313] Saving product 236/500...
[25/Mar/2022 09:17:23,315] Saving product 237/500...
[25/Mar/2022 09:17:23,318] Saving product 238/500...
[25/Mar/2022 09:17:23,320] Saving product 239/500...
[25/Mar/2022 09:17:23,322] Saving product 240/500...
[25/Mar/2022 09:17:23,324] Saving product 241/500...
[25/Mar/2022 09:17:23,327] Saving product 242/500...
[25/Mar/2022 09:17:23,329] Saving product 243/500...
[25/Mar/2022 09:17:23,332] Saving product 244/500...
[25/Mar/2022 09:17:23,334] Saving product 245/500...
[25/Mar/2022 09:17:23,336] Saving product 246/500...
[25/Mar/2022 09:17:23,338] Saving product 247/500...
[25/Mar/2022 09:17:23,341] Saving product 248/500...
[25/Mar/2022 09:17:23,343] Saving product 249/500...
[25/Mar/2022 09:17:23,345] Saving product 250/500...
[25/Mar/2022 09:17:23,348] Saving product 251/500...
[25/Mar/2022 09:17:23,350] Saving product 252/500...
[25/Mar/2022 09:17:23,353] Saving product 253/500...
[25/Mar/2022 09:17:23,353] Saving product 254/500...
[25/Mar/2022 09:17:23,355] Saving product 255/500...
[25/Mar/2022 09:17:23,357] Saving product 256/500...
[25/Mar/2022 09:17:23,360] Saving product 257/500...
[25/Mar/2022 09:17:23,363] Saving product 258/500...
[25/Mar/2022 09:17:23,365] Saving product 259/500...
[25/Mar/2022 09:17:23,367] Saving product 260/500...
[25/Mar/2022 09:17:23,370] Saving product 261/500...
[25/Mar/2022 09:17:23,370] Saving product 262/500...
[25/Mar/2022 09:17:23,372] Saving product 263/500...
[25/Mar/2022 09:17:23,374] Saving product 264/500...
[25/Mar/2022 09:17:23,377] Saving product 265/500...
[25/Mar/2022 09:17:23,379] Saving product 266/500...
[25/Mar/2022 09:17:23,381] Saving product 267/500...
[25/Mar/2022 09:17:23,384] Saving product 268/500...
[25/Mar/2022 09:17:23,386] Saving product 269/500...
[25/Mar/2022 09:17:23,388] Saving product 270/500...
[25/Mar/2022 09:17:23,390] Saving product 271/500...
[25/Mar/2022 09:17:23,392] Saving product 272/500...
[25/Mar/2022 09:17:23,394] Saving product 273/500...
[25/Mar/2022 09:17:23,394] Saving product 274/500...
[25/Mar/2022 09:17:23,397] Saving product 275/500...
[25/Mar/2022 09:17:23,399] Saving product 276/500...
[25/Mar/2022 09:17:23,401] Saving product 277/500...
[25/Mar/2022 09:17:23,403] Saving product 278/500...
[25/Mar/2022 09:17:23,405] Saving product 279/500...
[25/Mar/2022 09:17:23,407] Saving product 280/500...
[25/Mar/2022 09:17:23,409] Saving product 281/500...
[25/Mar/2022 09:17:23,412] Saving product 282/500...
[25/Mar/2022 09:17:23,414] Saving product 283/500...
[25/Mar/2022 09:17:23,417] Saving product 284/500...
[25/Mar/2022 09:17:23,419] Saving product 285/500...
[25/Mar/2022 09:17:23,421] Saving product 286/500...
[25/Mar/2022 09:17:23,423] Saving product 287/500...
[25/Mar/2022 09:17:23,425] Saving product 288/500...
[25/Mar/2022 09:17:23,427] Saving product 289/500...
[25/Mar/2022 09:17:23,430] Saving product 290/500...
[25/Mar/2022 09:17:23,432] Saving product 291/500...
[25/Mar/2022 09:17:23,434] Saving product 292/500...
[25/Mar/2022 09:17:23,437] Saving product 293/500...
[25/Mar/2022 09:17:23,439] Saving product 294/500...
[25/Mar/2022 09:17:23,439] Saving product 295/500...
[25/Mar/2022 09:17:23,441] Saving product 296/500...
[25/Mar/2022 09:17:23,444] Saving product 297/500...
[25/Mar/2022 09:17:23,446] Saving product 298/500...
[25/Mar/2022 09:17:23,449] Saving product 299/500...
[25/Mar/2022 09:17:23,449] Saving product 300/500...
[25/Mar/2022 09:17:23,451] Saving product 301/500...
[25/Mar/2022 09:17:23,454] Saving product 302/500...
[25/Mar/2022 09:17:23,456] Saving product 303/500...
[25/Mar/2022 09:17:23,458] Saving product 304/500...
[25/Mar/2022 09:17:23,461] Saving product 305/500...
[25/Mar/2022 09:17:23,463] Saving product 306/500...
[25/Mar/2022 09:17:23,466] Saving product 307/500...
[25/Mar/2022 09:17:23,468] Saving product 308/500...
[25/Mar/2022 09:17:23,470] Saving product 309/500...
[25/Mar/2022 09:17:23,473] Saving product 310/500...
[25/Mar/2022 09:17:23,476] Saving product 311/500...
[25/Mar/2022 09:17:23,478] Saving product 312/500...
[25/Mar/2022 09:17:23,481] Saving product 313/500...
[25/Mar/2022 09:17:23,483] Saving product 314/500...
[25/Mar/2022 09:17:23,485] Saving product 315/500...
[25/Mar/2022 09:17:23,488] Saving product 316/500...
[25/Mar/2022 09:17:23,490] Saving product 317/500...
[25/Mar/2022 09:17:23,492] Saving product 318/500...
[25/Mar/2022 09:17:23,495] Saving product 319/500...
[25/Mar/2022 09:17:23,497] Saving product 320/500...
[25/Mar/2022 09:17:23,499] Saving product 321/500...
[25/Mar/2022 09:17:23,502] Saving product 322/500...
[25/Mar/2022 09:17:23,504] Saving product 323/500...
[25/Mar/2022 09:17:23,506] Saving product 324/500...
[25/Mar/2022 09:17:23,508] Saving product 325/500...
[25/Mar/2022 09:17:23,511] Saving product 326/500...
[25/Mar/2022 09:17:23,513] Saving product 327/500...
[25/Mar/2022 09:17:23,516] Saving product 328/500...
[25/Mar/2022 09:17:23,518] Saving product 329/500...
[25/Mar/2022 09:17:23,520] Saving product 330/500...
[25/Mar/2022 09:17:23,523] Saving product 331/500...
[25/Mar/2022 09:17:23,525] Saving product 332/500...
[25/Mar/2022 09:17:23,528] Saving product 333/500...
[25/Mar/2022 09:17:23,530] Saving product 334/500...
[25/Mar/2022 09:17:23,532] Saving product 335/500...
[25/Mar/2022 09:17:23,534] Saving product 336/500...
[25/Mar/2022 09:17:23,537] Saving product 337/500...
[25/Mar/2022 09:17:23,539] Saving product 338/500...
[25/Mar/2022 09:17:23,541] Saving product 339/500...
[25/Mar/2022 09:17:23,543] Saving product 340/500...
[25/Mar/2022 09:17:23,546] Saving product 341/500...
[25/Mar/2022 09:17:23,548] Saving product 342/500...
[25/Mar/2022 09:17:23,551] Saving product 343/500...
[25/Mar/2022 09:17:23,553] Saving product 344/500...
[25/Mar/2022 09:17:23,555] Saving product 345/500...
[25/Mar/2022 09:17:23,557] Saving product 346/500...
[25/Mar/2022 09:17:23,560] Saving product 347/500...
[25/Mar/2022 09:17:23,563] Saving product 348/500...
[25/Mar/2022 09:17:23,566] Saving product 349/500...
[25/Mar/2022 09:17:23,568] Saving product 350/500...
[25/Mar/2022 09:17:23,570] Saving product 351/500...
[25/Mar/2022 09:17:23,573] Saving product 352/500...
[25/Mar/2022 09:17:23,575] Saving product 353/500...
[25/Mar/2022 09:17:23,575] Saving product 354/500...
[25/Mar/2022 09:17:23,578] Saving product 355/500...
[25/Mar/2022 09:17:23,580] Saving product 356/500...
[25/Mar/2022 09:17:23,583] Saving product 357/500...
[25/Mar/2022 09:17:23,585] Saving product 358/500...
[25/Mar/2022 09:17:23,587] Saving product 359/500...
[25/Mar/2022 09:17:23,590] Saving product 360/500...
[25/Mar/2022 09:17:23,592] Saving product 361/500...
[25/Mar/2022 09:17:23,595] Saving product 362/500...
[25/Mar/2022 09:17:23,597] Saving product 363/500...
[25/Mar/2022 09:17:23,600] Saving product 364/500...
[25/Mar/2022 09:17:23,602] Saving product 365/500...
[25/Mar/2022 09:17:23,604] Saving product 366/500...
[25/Mar/2022 09:17:23,607] Saving product 367/500...
[25/Mar/2022 09:17:23,609] Saving product 368/500...
[25/Mar/2022 09:17:23,612] Saving product 369/500...
[25/Mar/2022 09:17:23,614] Saving product 370/500...
[25/Mar/2022 09:17:23,617] Saving product 371/500...
[25/Mar/2022 09:17:23,619] Saving product 372/500...
[25/Mar/2022 09:17:23,621] Saving product 373/500...
[25/Mar/2022 09:17:23,624] Saving product 374/500...
[25/Mar/2022 09:17:23,626] Saving product 375/500...
[25/Mar/2022 09:17:23,628] Saving product 376/500...
[25/Mar/2022 09:17:23,631] Saving product 377/500...
[25/Mar/2022 09:17:23,633] Saving product 378/500...
[25/Mar/2022 09:17:23,636] Saving product 379/500...
[25/Mar/2022 09:17:23,638] Saving product 380/500...
[25/Mar/2022 09:17:23,640] Saving product 381/500...
[25/Mar/2022 09:17:23,642] Saving product 382/500...
[25/Mar/2022 09:17:23,645] Saving product 383/500...
[25/Mar/2022 09:17:23,648] Saving product 384/500...
[25/Mar/2022 09:17:23,648] Saving product 385/500...
[25/Mar/2022 09:17:23,650] Saving product 386/500...
[25/Mar/2022 09:17:23,652] Saving product 387/500...
[25/Mar/2022 09:17:23,652] Saving product 388/500...
[25/Mar/2022 09:17:23,654] Saving product 389/500...
[25/Mar/2022 09:17:23,657] Saving product 390/500...
[25/Mar/2022 09:17:23,657] Saving product 391/500...
[25/Mar/2022 09:17:23,659] Saving product 392/500...
[25/Mar/2022 09:17:23,662] Saving product 393/500...
[25/Mar/2022 09:17:23,664] Saving product 394/500...
[25/Mar/2022 09:17:23,666] Saving product 395/500...
[25/Mar/2022 09:17:23,668] Saving product 396/500...
[25/Mar/2022 09:17:23,671] Saving product 397/500...
[25/Mar/2022 09:17:23,673] Saving product 398/500...
[25/Mar/2022 09:17:23,675] Saving product 399/500...
[25/Mar/2022 09:17:23,677] Saving product 400/500...
[25/Mar/2022 09:17:23,680] Saving product 401/500...
[25/Mar/2022 09:17:23,683] Saving product 402/500...
[25/Mar/2022 09:17:23,685] Saving product 403/500...
[25/Mar/2022 09:17:23,687] Saving product 404/500...
[25/Mar/2022 09:17:23,690] Saving product 405/500...
[25/Mar/2022 09:17:23,692] Saving product 406/500...
[25/Mar/2022 09:17:23,694] Saving product 407/500...
[25/Mar/2022 09:17:23,697] Saving product 408/500...
[25/Mar/2022 09:17:23,699] Saving product 409/500...
[25/Mar/2022 09:17:23,702] Saving product 410/500...
[25/Mar/2022 09:17:23,704] Saving product 411/500...
[25/Mar/2022 09:17:23,706] Saving product 412/500...
[25/Mar/2022 09:17:23,709] Saving product 413/500...
[25/Mar/2022 09:17:23,711] Saving product 414/500...
[25/Mar/2022 09:17:23,713] Saving product 415/500...
[25/Mar/2022 09:17:23,716] Saving product 416/500...
[25/Mar/2022 09:17:23,719] Saving product 417/500...
[25/Mar/2022 09:17:23,721] Saving product 418/500...
[25/Mar/2022 09:17:23,724] Saving product 419/500...
[25/Mar/2022 09:17:23,726] Saving product 420/500...
[25/Mar/2022 09:17:23,730] Saving product 421/500...
[25/Mar/2022 09:17:23,732] Saving product 422/500...
[25/Mar/2022 09:17:23,735] Saving product 423/500...
[25/Mar/2022 09:17:23,737] Saving product 424/500...
[25/Mar/2022 09:17:23,739] Saving product 425/500...
[25/Mar/2022 09:17:23,739] Saving product 426/500...
[25/Mar/2022 09:17:23,741] Saving product 427/500...
[25/Mar/2022 09:17:23,744] Saving product 428/500...
[25/Mar/2022 09:17:23,747] Saving product 429/500...
[25/Mar/2022 09:17:23,750] Saving product 430/500...
[25/Mar/2022 09:17:23,752] Saving product 431/500...
[25/Mar/2022 09:17:23,754] Saving product 432/500...
[25/Mar/2022 09:17:23,756] Saving product 433/500...
[25/Mar/2022 09:17:23,759] Saving product 434/500...
[25/Mar/2022 09:17:23,761] Saving product 435/500...
[25/Mar/2022 09:17:23,764] Saving product 436/500...
[25/Mar/2022 09:17:23,766] Saving product 437/500...
[25/Mar/2022 09:17:23,769] Saving product 438/500...
[25/Mar/2022 09:17:23,771] Saving product 439/500...
[25/Mar/2022 09:17:23,773] Saving product 440/500...
[25/Mar/2022 09:17:23,775] Saving product 441/500...
[25/Mar/2022 09:17:23,777] Saving product 442/500...
[25/Mar/2022 09:17:23,778] Saving product 443/500...
[25/Mar/2022 09:17:23,780] Saving product 444/500...
[25/Mar/2022 09:17:23,783] Saving product 445/500...
[25/Mar/2022 09:17:23,785] Saving product 446/500...
[25/Mar/2022 09:17:23,787] Saving product 447/500...
[25/Mar/2022 09:17:23,790] Saving product 448/500...
[25/Mar/2022 09:17:23,792] Saving product 449/500...
[25/Mar/2022 09:17:23,794] Saving product 450/500...
[25/Mar/2022 09:17:23,797] Saving product 451/500...
[25/Mar/2022 09:17:23,799] Saving product 452/500...
[25/Mar/2022 09:17:23,802] Saving product 453/500...
[25/Mar/2022 09:17:23,804] Saving product 454/500...
[25/Mar/2022 09:17:23,806] Saving product 455/500...
[25/Mar/2022 09:17:23,809] Saving product 456/500...
[25/Mar/2022 09:17:23,811] Saving product 457/500...
[25/Mar/2022 09:17:23,814] Saving product 458/500...
[25/Mar/2022 09:17:23,816] Saving product 459/500...
[25/Mar/2022 09:17:23,819] Saving product 460/500...
[25/Mar/2022 09:17:23,821] Saving product 461/500...
[25/Mar/2022 09:17:23,823] Saving product 462/500...
[25/Mar/2022 09:17:23,826] Saving product 463/500...
[25/Mar/2022 09:17:23,828] Saving product 464/500...
[25/Mar/2022 09:17:23,831] Saving product 465/500...
[25/Mar/2022 09:17:23,833] Saving product 466/500...
[25/Mar/2022 09:17:23,835] Saving product 467/500...
[25/Mar/2022 09:17:23,837] Saving product 468/500...
[25/Mar/2022 09:17:23,840] Saving product 469/500...
[25/Mar/2022 09:17:23,842] Saving product 470/500...
[25/Mar/2022 09:17:23,844] Saving product 471/500...
[25/Mar/2022 09:17:23,844] Saving product 472/500...
[25/Mar/2022 09:17:23,847] Saving product 473/500...
[25/Mar/2022 09:17:23,849] Saving product 474/500...
[25/Mar/2022 09:17:23,851] Saving product 475/500...
[25/Mar/2022 09:17:23,854] Saving product 476/500...
[25/Mar/2022 09:17:23,856] Saving product 477/500...
[25/Mar/2022 09:17:23,858] Saving product 478/500...
[25/Mar/2022 09:17:23,861] Saving product 479/500...
[25/Mar/2022 09:17:23,864] Saving product 480/500...
[25/Mar/2022 09:17:23,866] Saving product 481/500...
[25/Mar/2022 09:17:23,868] Saving product 482/500...
[25/Mar/2022 09:17:23,871] Saving product 483/500...
[25/Mar/2022 09:17:23,873] Saving product 484/500...
[25/Mar/2022 09:17:23,875] Saving product 485/500...
[25/Mar/2022 09:17:23,878] Saving product 486/500...
[25/Mar/2022 09:17:23,880] Saving product 487/500...
[25/Mar/2022 09:17:23,883] Saving product 488/500...
[25/Mar/2022 09:17:23,885] Saving product 489/500...
[25/Mar/2022 09:17:23,887] Saving product 490/500...
[25/Mar/2022 09:17:23,890] Saving product 491/500...
[25/Mar/2022 09:17:23,892] Saving product 492/500...
[25/Mar/2022 09:17:23,895] Saving product 493/500...
[25/Mar/2022 09:17:23,897] Saving product 494/500...
[25/Mar/2022 09:17:23,899] Saving product 495/500...
[25/Mar/2022 09:17:23,901] Saving product 496/500...
[25/Mar/2022 09:17:23,904] Saving product 497/500...
[25/Mar/2022 09:17:23,906] Saving product 498/500...
[25/Mar/2022 09:17:23,908] Saving product 499/500...
[25/Mar/2022 09:17:23,911] Saving product 500/500...
[25/Mar/2022 09:17:23,913] - Field is missing : 'nutriscore_grade' - Dropped the item
- Field is missing : 'product_name' - Dropped the item
- Field is missing : 'nutriscore_grade' - Dropped the item
- Field is missing : 'nutriscore_grade' - Dropped the item
- Field is missing : 'nutriscore_grade' - Dropped the item
- Field is missing : 'nutriscore_grade' - Dropped the item
- Field is missing : 'nutriscore_grade' - Dropped the item
- Field is missing : 'nutriscore_grade' - Dropped the item
- Field is missing : 'nutriscore_grade' - Dropped the item
- Field is missing : 'nutriscore_grade' - Dropped the item
- Field is missing : 'nutriscore_grade' - Dropped the item
- Field is missing : 'nutriscore_grade' - Dropped the item
- Field is missing : 'nutriscore_grade' - Dropped the item
- Field is missing : 'nutriscore_grade' - Dropped the item
- Field is missing : 'nutriscore_grade' - Dropped the item
- Field is missing : 'nutriscore_grade' - Dropped the item
[25/Mar/2022 09:17:23,913] 484 products saved.
[25/Mar/2022 09:24:41,630] build_db command called at 2022-03-25 09:24:41.630508
[25/Mar/2022 09:24:41,631] Fetching France's top 500 most popular products on OpenFoodFacts...
[25/Mar/2022 09:24:48,203] Saving products in the database...
[25/Mar/2022 09:24:48,203] Saving product 1/500...
[25/Mar/2022 09:24:48,228] No changes detected (ID: 2963)
[25/Mar/2022 09:24:48,228] Saving product 2/500...
[25/Mar/2022 09:24:48,231] No changes detected (ID: 2479)
[25/Mar/2022 09:24:48,231] Saving product 3/500...
[25/Mar/2022 09:24:48,235] No changes detected (ID: 2964)
[25/Mar/2022 09:24:48,235] Saving product 4/500...
[25/Mar/2022 09:24:48,239] No changes detected (ID: 2481)
[25/Mar/2022 09:24:48,239] Saving product 5/500...
[25/Mar/2022 09:24:48,242] No changes detected (ID: 2482)
[25/Mar/2022 09:24:48,242] Saving product 6/500...
[25/Mar/2022 09:24:48,245] No changes detected (ID: 2483)
[25/Mar/2022 09:24:48,245] Saving product 7/500...
[25/Mar/2022 09:24:48,248] No changes detected (ID: 2484)
[25/Mar/2022 09:24:48,249] Saving product 8/500...
[25/Mar/2022 09:24:48,252] No changes detected (ID: 2485)
[25/Mar/2022 09:24:48,252] Saving product 9/500...
[25/Mar/2022 09:24:48,255] No changes detected (ID: 2486)
[25/Mar/2022 09:24:48,255] Saving product 10/500...
[25/Mar/2022 09:24:48,259] No changes detected (ID: 2487)
[25/Mar/2022 09:24:48,259] Saving product 11/500...
[25/Mar/2022 09:24:48,262] No changes detected (ID: 2965)
[25/Mar/2022 09:24:48,262] Saving product 12/500...
[25/Mar/2022 09:24:48,265] No changes detected (ID: 2966)
[25/Mar/2022 09:24:48,265] Saving product 13/500...
[25/Mar/2022 09:24:48,268] No changes detected (ID: 2490)
[25/Mar/2022 09:24:48,268] Saving product 14/500...
[25/Mar/2022 09:24:48,272] No changes detected (ID: 2491)
[25/Mar/2022 09:24:48,272] Saving product 15/500...
[25/Mar/2022 09:24:48,275] No changes detected (ID: 2492)
[25/Mar/2022 09:24:48,275] Saving product 16/500...
[25/Mar/2022 09:24:48,278] No changes detected (ID: 2493)
[25/Mar/2022 09:24:48,279] Saving product 17/500...
[25/Mar/2022 09:24:48,282] No changes detected (ID: 2494)
[25/Mar/2022 09:24:48,282] Saving product 18/500...
[25/Mar/2022 09:24:48,285] No changes detected (ID: 2967)
[25/Mar/2022 09:24:48,285] Saving product 19/500...
[25/Mar/2022 09:24:48,288] No changes detected (ID: 2496)
[25/Mar/2022 09:24:48,288] Saving product 20/500...
[25/Mar/2022 09:24:48,291] No changes detected (ID: 2497)
[25/Mar/2022 09:24:48,292] Saving product 21/500...
[25/Mar/2022 09:24:48,295] No changes detected (ID: 2498)
[25/Mar/2022 09:24:48,295] Saving product 22/500...
[25/Mar/2022 09:24:48,298] No changes detected (ID: 2968)
[25/Mar/2022 09:24:48,298] Saving product 23/500...
[25/Mar/2022 09:24:48,301] No changes detected (ID: 2500)
[25/Mar/2022 09:24:48,301] Saving product 24/500...
[25/Mar/2022 09:24:48,304] No changes detected (ID: 2502)
[25/Mar/2022 09:24:48,304] Saving product 25/500...
[25/Mar/2022 09:24:48,308] No changes detected (ID: 2501)
[25/Mar/2022 09:24:48,308] Saving product 26/500...
[25/Mar/2022 09:24:48,311] No changes detected (ID: 2503)
[25/Mar/2022 09:24:48,312] Saving product 27/500...
[25/Mar/2022 09:24:48,315] No changes detected (ID: 2969)
[25/Mar/2022 09:24:48,315] Saving product 28/500...
[25/Mar/2022 09:24:48,318] No changes detected (ID: 2505)
[25/Mar/2022 09:24:48,318] Saving product 29/500...
[25/Mar/2022 09:24:48,322] No changes detected (ID: 2506)
[25/Mar/2022 09:24:48,322] Saving product 30/500...
[25/Mar/2022 09:24:48,325] No changes detected (ID: 2507)
[25/Mar/2022 09:24:48,326] Saving product 31/500...
[25/Mar/2022 09:24:48,329] No changes detected (ID: 2508)
[25/Mar/2022 09:24:48,329] Saving product 32/500...
[25/Mar/2022 09:24:48,332] No changes detected (ID: 2509)
[25/Mar/2022 09:24:48,332] Saving product 33/500...
[25/Mar/2022 09:24:48,335] No changes detected (ID: 2510)
[25/Mar/2022 09:24:48,336] Saving product 34/500...
[25/Mar/2022 09:24:48,339] No changes detected (ID: 2511)
[25/Mar/2022 09:24:48,339] Saving product 35/500...
[25/Mar/2022 09:24:48,343] No changes detected (ID: 2512)
[25/Mar/2022 09:24:48,343] Saving product 36/500...
[25/Mar/2022 09:24:48,346] No changes detected (ID: 2513)
[25/Mar/2022 09:24:48,346] Saving product 37/500...
[25/Mar/2022 09:24:48,349] No changes detected (ID: 2514)
[25/Mar/2022 09:24:48,349] Saving product 38/500...
[25/Mar/2022 09:24:48,352] No changes detected (ID: 2515)
[25/Mar/2022 09:24:48,353] Saving product 39/500...
[25/Mar/2022 09:24:48,356] No changes detected (ID: 2516)
[25/Mar/2022 09:24:48,356] Saving product 40/500...
[25/Mar/2022 09:24:48,359] No changes detected (ID: 2517)
[25/Mar/2022 09:24:48,360] Saving product 41/500...
[25/Mar/2022 09:24:48,363] No changes detected (ID: 2518)
[25/Mar/2022 09:24:48,363] Saving product 42/500...
[25/Mar/2022 09:24:48,366] No changes detected (ID: 2519)
[25/Mar/2022 09:24:48,366] Saving product 43/500...
[25/Mar/2022 09:24:48,369] No changes detected (ID: 2970)
[25/Mar/2022 09:24:48,369] Saving product 44/500...
[25/Mar/2022 09:24:48,372] No changes detected (ID: 2521)
[25/Mar/2022 09:24:48,373] Saving product 45/500...
[25/Mar/2022 09:24:48,376] No changes detected (ID: 2522)
[25/Mar/2022 09:24:48,376] Saving product 46/500...
[25/Mar/2022 09:24:48,379] No changes detected (ID: 2524)
[25/Mar/2022 09:24:48,379] Saving product 47/500...
[25/Mar/2022 09:24:48,383] No changes detected (ID: 2523)
[25/Mar/2022 09:24:48,383] Saving product 48/500...
[25/Mar/2022 09:24:48,386] No changes detected (ID: 2525)
[25/Mar/2022 09:24:48,386] Saving product 49/500...
[25/Mar/2022 09:24:48,389] No changes detected (ID: 2526)
[25/Mar/2022 09:24:48,390] Saving product 50/500...
[25/Mar/2022 09:24:48,393] No changes detected (ID: 2527)
[25/Mar/2022 09:24:48,393] Saving product 51/500...
[25/Mar/2022 09:24:48,396] No changes detected (ID: 2528)
[25/Mar/2022 09:24:48,396] Saving product 52/500...
[25/Mar/2022 09:24:48,399] No changes detected (ID: 2529)
[25/Mar/2022 09:24:48,399] Saving product 53/500...
[25/Mar/2022 09:24:48,400] Saving product 54/500...
[25/Mar/2022 09:24:48,403] No changes detected (ID: 2532)
[25/Mar/2022 09:24:48,403] Saving product 55/500...
[25/Mar/2022 09:24:48,407] No changes detected (ID: 2531)
[25/Mar/2022 09:24:48,407] Saving product 56/500...
[25/Mar/2022 09:24:48,410] No changes detected (ID: 2530)
[25/Mar/2022 09:24:48,410] Saving product 57/500...
[25/Mar/2022 09:24:48,413] No changes detected (ID: 2533)
[25/Mar/2022 09:24:48,413] Saving product 58/500...
[25/Mar/2022 09:24:48,416] No changes detected (ID: 2534)
[25/Mar/2022 09:24:48,416] Saving product 59/500...
[25/Mar/2022 09:24:48,420] No changes detected (ID: 2535)
[25/Mar/2022 09:24:48,420] Saving product 60/500...
[25/Mar/2022 09:24:48,423] No changes detected (ID: 2536)
[25/Mar/2022 09:24:48,423] Saving product 61/500...
[25/Mar/2022 09:24:48,427] No changes detected (ID: 2537)
[25/Mar/2022 09:24:48,427] Saving product 62/500...
[25/Mar/2022 09:24:48,430] No changes detected (ID: 2539)
[25/Mar/2022 09:24:48,430] Saving product 63/500...
[25/Mar/2022 09:24:48,433] No changes detected (ID: 2538)
[25/Mar/2022 09:24:48,433] Saving product 64/500...
[25/Mar/2022 09:24:48,437] No changes detected (ID: 2540)
[25/Mar/2022 09:24:48,437] Saving product 65/500...
[25/Mar/2022 09:24:48,441] No changes detected (ID: 2541)
[25/Mar/2022 09:24:48,441] Saving product 66/500...
[25/Mar/2022 09:24:48,444] No changes detected (ID: 2542)
[25/Mar/2022 09:24:48,444] Saving product 67/500...
[25/Mar/2022 09:24:48,447] No changes detected (ID: 2543)
[25/Mar/2022 09:24:48,447] Saving product 68/500...
[25/Mar/2022 09:24:48,450] No changes detected (ID: 2544)
[25/Mar/2022 09:24:48,450] Saving product 69/500...
[25/Mar/2022 09:24:48,454] No changes detected (ID: 2545)
[25/Mar/2022 09:24:48,454] Saving product 70/500...
[25/Mar/2022 09:24:48,457] No changes detected (ID: 2546)
[25/Mar/2022 09:24:48,457] Saving product 71/500...
[25/Mar/2022 09:24:48,461] No changes detected (ID: 2548)
[25/Mar/2022 09:24:48,461] Saving product 72/500...
[25/Mar/2022 09:24:48,464] No changes detected (ID: 2547)
[25/Mar/2022 09:24:48,464] Saving product 73/500...
[25/Mar/2022 09:24:48,467] No changes detected (ID: 2549)
[25/Mar/2022 09:24:48,467] Saving product 74/500...
[25/Mar/2022 09:24:48,470] No changes detected (ID: 2551)
[25/Mar/2022 09:24:48,470] Saving product 75/500...
[25/Mar/2022 09:24:48,474] No changes detected (ID: 2550)
[25/Mar/2022 09:24:48,474] Saving product 76/500...
[25/Mar/2022 09:24:48,477] No changes detected (ID: 2971)
[25/Mar/2022 09:24:48,477] Saving product 77/500...
[25/Mar/2022 09:24:48,481] No changes detected (ID: 2552)
[25/Mar/2022 09:24:48,481] Saving product 78/500...
[25/Mar/2022 09:24:48,484] No changes detected (ID: 2554)
[25/Mar/2022 09:24:48,484] Saving product 79/500...
[25/Mar/2022 09:24:48,487] No changes detected (ID: 2553)
[25/Mar/2022 09:24:48,487] Saving product 80/500...
[25/Mar/2022 09:24:48,490] No changes detected (ID: 2557)
[25/Mar/2022 09:24:48,491] Saving product 81/500...
[25/Mar/2022 09:24:48,494] No changes detected (ID: 2972)
[25/Mar/2022 09:24:48,494] Saving product 82/500...
[25/Mar/2022 09:24:48,497] No changes detected (ID: 2558)
[25/Mar/2022 09:24:48,497] Saving product 83/500...
[25/Mar/2022 09:24:48,500] No changes detected (ID: 2560)
[25/Mar/2022 09:24:48,500] Saving product 84/500...
[25/Mar/2022 09:24:48,504] No changes detected (ID: 2973)
[25/Mar/2022 09:24:48,504] Saving product 85/500...
[25/Mar/2022 09:24:48,508] No changes detected (ID: 2561)
[25/Mar/2022 09:24:48,508] Saving product 86/500...
[25/Mar/2022 09:24:48,511] No changes detected (ID: 2562)
[25/Mar/2022 09:24:48,511] Saving product 87/500...
[25/Mar/2022 09:24:48,514] No changes detected (ID: 2563)
[25/Mar/2022 09:24:48,515] Saving product 88/500...
[25/Mar/2022 09:24:48,518] No changes detected (ID: 2564)
[25/Mar/2022 09:24:48,518] Saving product 89/500...
[25/Mar/2022 09:24:48,521] No changes detected (ID: 2565)
[25/Mar/2022 09:24:48,521] Saving product 90/500...
[25/Mar/2022 09:24:48,525] No changes detected (ID: 2567)
[25/Mar/2022 09:24:48,525] Saving product 91/500...
[25/Mar/2022 09:24:48,528] No changes detected (ID: 2566)
[25/Mar/2022 09:24:48,528] Saving product 92/500...
[25/Mar/2022 09:24:48,531] No changes detected (ID: 2568)
[25/Mar/2022 09:24:48,531] Saving product 93/500...
[25/Mar/2022 09:24:48,535] No changes detected (ID: 2572)
[25/Mar/2022 09:24:48,535] Saving product 94/500...
[25/Mar/2022 09:24:48,538] No changes detected (ID: 2569)
[25/Mar/2022 09:24:48,538] Saving product 95/500...
[25/Mar/2022 09:24:48,542] No changes detected (ID: 2570)
[25/Mar/2022 09:24:48,542] Saving product 96/500...
[25/Mar/2022 09:24:48,545] No changes detected (ID: 2974)
[25/Mar/2022 09:24:48,545] Saving product 97/500...
[25/Mar/2022 09:24:48,548] No changes detected (ID: 2574)
[25/Mar/2022 09:24:48,549] Saving product 98/500...
[25/Mar/2022 09:24:48,552] No changes detected (ID: 2573)
[25/Mar/2022 09:24:48,552] Saving product 99/500...
[25/Mar/2022 09:24:48,555] No changes detected (ID: 2975)
[25/Mar/2022 09:24:48,555] Saving product 100/500...
[25/Mar/2022 09:24:48,558] No changes detected (ID: 2976)
[25/Mar/2022 09:24:48,559] Saving product 101/500...
[25/Mar/2022 09:24:48,562] No changes detected (ID: 2576)
[25/Mar/2022 09:24:48,562] Saving product 102/500...
[25/Mar/2022 09:24:48,565] No changes detected (ID: 2577)
[25/Mar/2022 09:24:48,565] Saving product 103/500...
[25/Mar/2022 09:24:48,568] No changes detected (ID: 2578)
[25/Mar/2022 09:24:48,568] Saving product 104/500...
[25/Mar/2022 09:24:48,572] No changes detected (ID: 2579)
[25/Mar/2022 09:24:48,572] Saving product 105/500...
[25/Mar/2022 09:24:48,575] No changes detected (ID: 2580)
[25/Mar/2022 09:24:48,575] Saving product 106/500...
[25/Mar/2022 09:24:48,578] No changes detected (ID: 2582)
[25/Mar/2022 09:24:48,578] Saving product 107/500...
[25/Mar/2022 09:24:48,582] No changes detected (ID: 2977)
[25/Mar/2022 09:24:48,582] Saving product 108/500...
[25/Mar/2022 09:24:48,585] No changes detected (ID: 2584)
[25/Mar/2022 09:24:48,585] Saving product 109/500...
[25/Mar/2022 09:24:48,585] Saving product 110/500...
[25/Mar/2022 09:24:48,588] No changes detected (ID: 2586)
[25/Mar/2022 09:24:48,589] Saving product 111/500...
[25/Mar/2022 09:24:48,592] No changes detected (ID: 2587)
[25/Mar/2022 09:24:48,592] Saving product 112/500...
[25/Mar/2022 09:24:48,595] No changes detected (ID: 2588)
[25/Mar/2022 09:24:48,595] Saving product 113/500...
[25/Mar/2022 09:24:48,598] No changes detected (ID: 2589)
[25/Mar/2022 09:24:48,598] Saving product 114/500...
[25/Mar/2022 09:24:48,601] No changes detected (ID: 2590)
[25/Mar/2022 09:24:48,601] Saving product 115/500...
[25/Mar/2022 09:24:48,605] No changes detected (ID: 2591)
[25/Mar/2022 09:24:48,605] Saving product 116/500...
[25/Mar/2022 09:24:48,608] No changes detected (ID: 2592)
[25/Mar/2022 09:24:48,608] Saving product 117/500...
[25/Mar/2022 09:24:48,611] No changes detected (ID: 2593)
[25/Mar/2022 09:24:48,612] Saving product 118/500...
[25/Mar/2022 09:24:48,615] No changes detected (ID: 2594)
[25/Mar/2022 09:24:48,615] Saving product 119/500...
[25/Mar/2022 09:24:48,618] No changes detected (ID: 2595)
[25/Mar/2022 09:24:48,618] Saving product 120/500...
[25/Mar/2022 09:24:48,621] No changes detected (ID: 2596)
[25/Mar/2022 09:24:48,621] Saving product 121/500...
[25/Mar/2022 09:24:48,625] No changes detected (ID: 2598)
[25/Mar/2022 09:24:48,625] Saving product 122/500...
[25/Mar/2022 09:24:48,628] No changes detected (ID: 2597)
[25/Mar/2022 09:24:48,628] Saving product 123/500...
[25/Mar/2022 09:24:48,631] No changes detected (ID: 2599)
[25/Mar/2022 09:24:48,631] Saving product 124/500...
[25/Mar/2022 09:24:48,634] No changes detected (ID: 2978)
[25/Mar/2022 09:24:48,634] Saving product 125/500...
[25/Mar/2022 09:24:48,637] No changes detected (ID: 2602)
[25/Mar/2022 09:24:48,637] Saving product 126/500...
[25/Mar/2022 09:24:48,641] No changes detected (ID: 2600)
[25/Mar/2022 09:24:48,641] Saving product 127/500...
[25/Mar/2022 09:24:48,644] No changes detected (ID: 2603)
[25/Mar/2022 09:24:48,644] Saving product 128/500...
[25/Mar/2022 09:24:48,647] No changes detected (ID: 2604)
[25/Mar/2022 09:24:48,647] Saving product 129/500...
[25/Mar/2022 09:24:48,650] No changes detected (ID: 2605)
[25/Mar/2022 09:24:48,650] Saving product 130/500...
[25/Mar/2022 09:24:48,653] No changes detected (ID: 2606)
[25/Mar/2022 09:24:48,653] Saving product 131/500...
[25/Mar/2022 09:24:48,657] No changes detected (ID: 2607)
[25/Mar/2022 09:24:48,657] Saving product 132/500...
[25/Mar/2022 09:24:48,660] No changes detected (ID: 2608)
[25/Mar/2022 09:24:48,660] Saving product 133/500...
[25/Mar/2022 09:24:48,664] No changes detected (ID: 2609)
[25/Mar/2022 09:24:48,664] Saving product 134/500...
[25/Mar/2022 09:24:48,667] No changes detected (ID: 2610)
[25/Mar/2022 09:24:48,667] Saving product 135/500...
[25/Mar/2022 09:24:48,670] No changes detected (ID: 2611)
[25/Mar/2022 09:24:48,670] Saving product 136/500...
[25/Mar/2022 09:24:48,674] No changes detected (ID: 2612)
[25/Mar/2022 09:24:48,674] Saving product 137/500...
[25/Mar/2022 09:24:48,677] No changes detected (ID: 2613)
[25/Mar/2022 09:24:48,677] Saving product 138/500...
[25/Mar/2022 09:24:48,680] No changes detected (ID: 2614)
[25/Mar/2022 09:24:48,680] Saving product 139/500...
[25/Mar/2022 09:24:48,683] No changes detected (ID: 2615)
[25/Mar/2022 09:24:48,683] Saving product 140/500...
[25/Mar/2022 09:24:48,687] No changes detected (ID: 2979)
[25/Mar/2022 09:24:48,687] Saving product 141/500...
[25/Mar/2022 09:24:48,690] No changes detected (ID: 2617)
[25/Mar/2022 09:24:48,690] Saving product 142/500...
[25/Mar/2022 09:24:48,693] No changes detected (ID: 2980)
[25/Mar/2022 09:24:48,693] Saving product 143/500...
[25/Mar/2022 09:24:48,697] No changes detected (ID: 2618)
[25/Mar/2022 09:24:48,697] Saving product 144/500...
[25/Mar/2022 09:24:48,700] No changes detected (ID: 2619)
[25/Mar/2022 09:24:48,700] Saving product 145/500...
[25/Mar/2022 09:24:48,703] No changes detected (ID: 2621)
[25/Mar/2022 09:24:48,703] Saving product 146/500...
[25/Mar/2022 09:24:48,706] No changes detected (ID: 2622)
[25/Mar/2022 09:24:48,706] Saving product 147/500...
[25/Mar/2022 09:24:48,710] No changes detected (ID: 2981)
[25/Mar/2022 09:24:48,710] Saving product 148/500...
[25/Mar/2022 09:24:48,713] No changes detected (ID: 2982)
[25/Mar/2022 09:24:48,713] Saving product 149/500...
[25/Mar/2022 09:24:48,716] No changes detected (ID: 2624)
[25/Mar/2022 09:24:48,716] Saving product 150/500...
[25/Mar/2022 09:24:48,719] No changes detected (ID: 2625)
[25/Mar/2022 09:24:48,719] Saving product 151/500...
[25/Mar/2022 09:24:48,722] No changes detected (ID: 2626)
[25/Mar/2022 09:24:48,722] Saving product 152/500...
[25/Mar/2022 09:24:48,726] No changes detected (ID: 2627)
[25/Mar/2022 09:24:48,726] Saving product 153/500...
[25/Mar/2022 09:24:48,729] No changes detected (ID: 2628)
[25/Mar/2022 09:24:48,729] Saving product 154/500...
[25/Mar/2022 09:24:48,729] Saving product 155/500...
[25/Mar/2022 09:24:48,732] No changes detected (ID: 2629)
[25/Mar/2022 09:24:48,732] Saving product 156/500...
[25/Mar/2022 09:24:48,735] No changes detected (ID: 2630)
[25/Mar/2022 09:24:48,735] Saving product 157/500...
[25/Mar/2022 09:24:48,739] No changes detected (ID: 2631)
[25/Mar/2022 09:24:48,739] Saving product 158/500...
[25/Mar/2022 09:24:48,742] No changes detected (ID: 2633)
[25/Mar/2022 09:24:48,742] Saving product 159/500...
[25/Mar/2022 09:24:48,746] No changes detected (ID: 2634)
[25/Mar/2022 09:24:48,746] Saving product 160/500...
[25/Mar/2022 09:24:48,749] No changes detected (ID: 2636)
[25/Mar/2022 09:24:48,749] Saving product 161/500...
[25/Mar/2022 09:24:48,752] No changes detected (ID: 2635)
[25/Mar/2022 09:24:48,752] Saving product 162/500...
[25/Mar/2022 09:24:48,756] No changes detected (ID: 2637)
[25/Mar/2022 09:24:48,756] Saving product 163/500...
[25/Mar/2022 09:24:48,759] No changes detected (ID: 2638)
[25/Mar/2022 09:24:48,759] Saving product 164/500...
[25/Mar/2022 09:24:48,762] No changes detected (ID: 2983)
[25/Mar/2022 09:24:48,762] Saving product 165/500...
[25/Mar/2022 09:24:48,765] No changes detected (ID: 2640)
[25/Mar/2022 09:24:48,766] Saving product 166/500...
[25/Mar/2022 09:24:48,769] No changes detected (ID: 2643)
[25/Mar/2022 09:24:48,769] Saving product 167/500...
[25/Mar/2022 09:24:48,772] No changes detected (ID: 2641)
[25/Mar/2022 09:24:48,772] Saving product 168/500...
[25/Mar/2022 09:24:48,776] No changes detected (ID: 2984)
[25/Mar/2022 09:24:48,776] Saving product 169/500...
[25/Mar/2022 09:24:48,779] No changes detected (ID: 2644)
[25/Mar/2022 09:24:48,779] Saving product 170/500...
[25/Mar/2022 09:24:48,782] No changes detected (ID: 2645)
[25/Mar/2022 09:24:48,782] Saving product 171/500...
[25/Mar/2022 09:24:48,785] No changes detected (ID: 2985)
[25/Mar/2022 09:24:48,785] Saving product 172/500...
[25/Mar/2022 09:24:48,789] No changes detected (ID: 2647)
[25/Mar/2022 09:24:48,789] Saving product 173/500...
[25/Mar/2022 09:24:48,792] No changes detected (ID: 2648)
[25/Mar/2022 09:24:48,792] Saving product 174/500...
[25/Mar/2022 09:24:48,795] No changes detected (ID: 2649)
[25/Mar/2022 09:24:48,795] Saving product 175/500...
[25/Mar/2022 09:24:48,798] No changes detected (ID: 2651)
[25/Mar/2022 09:24:48,799] Saving product 176/500...
[25/Mar/2022 09:24:48,802] No changes detected (ID: 2650)
[25/Mar/2022 09:24:48,802] Saving product 177/500...
[25/Mar/2022 09:24:48,805] No changes detected (ID: 2653)
[25/Mar/2022 09:24:48,805] Saving product 178/500...
[25/Mar/2022 09:24:48,809] No changes detected (ID: 2652)
[25/Mar/2022 09:24:48,809] Saving product 179/500...
[25/Mar/2022 09:24:48,812] No changes detected (ID: 2654)
[25/Mar/2022 09:24:48,812] Saving product 180/500...
[25/Mar/2022 09:24:48,815] No changes detected (ID: 2986)
[25/Mar/2022 09:24:48,815] Saving product 181/500...
[25/Mar/2022 09:24:48,815] Saving product 182/500...
[25/Mar/2022 09:24:48,818] No changes detected (ID: 2656)
[25/Mar/2022 09:24:48,818] Saving product 183/500...
[25/Mar/2022 09:24:48,822] No changes detected (ID: 2660)
[25/Mar/2022 09:24:48,822] Saving product 184/500...
[25/Mar/2022 09:24:48,825] No changes detected (ID: 2657)
[25/Mar/2022 09:24:48,825] Saving product 185/500...
[25/Mar/2022 09:24:48,829] No changes detected (ID: 2658)
[25/Mar/2022 09:24:48,829] Saving product 186/500...
[25/Mar/2022 09:24:48,832] No changes detected (ID: 2659)
[25/Mar/2022 09:24:48,832] Saving product 187/500...
[25/Mar/2022 09:24:48,835] No changes detected (ID: 2664)
[25/Mar/2022 09:24:48,835] Saving product 188/500...
[25/Mar/2022 09:24:48,838] No changes detected (ID: 2662)
[25/Mar/2022 09:24:48,839] Saving product 189/500...
[25/Mar/2022 09:24:48,842] No changes detected (ID: 2661)
[25/Mar/2022 09:24:48,842] Saving product 190/500...
[25/Mar/2022 09:24:48,845] No changes detected (ID: 2663)
[25/Mar/2022 09:24:48,845] Saving product 191/500...
[25/Mar/2022 09:24:48,848] No changes detected (ID: 2665)
[25/Mar/2022 09:24:48,848] Saving product 192/500...
[25/Mar/2022 09:24:48,851] No changes detected (ID: 2666)
[25/Mar/2022 09:24:48,851] Saving product 193/500...
[25/Mar/2022 09:24:48,855] No changes detected (ID: 2667)
[25/Mar/2022 09:24:48,855] Saving product 194/500...
[25/Mar/2022 09:24:48,858] No changes detected (ID: 2671)
[25/Mar/2022 09:24:48,858] Saving product 195/500...
[25/Mar/2022 09:24:48,861] No changes detected (ID: 2668)
[25/Mar/2022 09:24:48,861] Saving product 196/500...
[25/Mar/2022 09:24:48,864] No changes detected (ID: 2669)
[25/Mar/2022 09:24:48,864] Saving product 197/500...
[25/Mar/2022 09:24:48,868] No changes detected (ID: 2670)
[25/Mar/2022 09:24:48,868] Saving product 198/500...
[25/Mar/2022 09:24:48,871] No changes detected (ID: 2672)
[25/Mar/2022 09:24:48,871] Saving product 199/500...
[25/Mar/2022 09:24:48,875] No changes detected (ID: 2673)
[25/Mar/2022 09:24:48,875] Saving product 200/500...
[25/Mar/2022 09:24:48,878] No changes detected (ID: 2674)
[25/Mar/2022 09:24:48,878] Saving product 201/500...
[25/Mar/2022 09:24:48,881] No changes detected (ID: 2680)
[25/Mar/2022 09:24:48,881] Saving product 202/500...
[25/Mar/2022 09:24:48,884] No changes detected (ID: 2676)
[25/Mar/2022 09:24:48,885] Saving product 203/500...
[25/Mar/2022 09:24:48,888] No changes detected (ID: 2677)
[25/Mar/2022 09:24:48,888] Saving product 204/500...
[25/Mar/2022 09:24:48,892] No changes detected (ID: 2681)
[25/Mar/2022 09:24:48,892] Saving product 205/500...
[25/Mar/2022 09:24:48,895] No changes detected (ID: 2678)
[25/Mar/2022 09:24:48,895] Saving product 206/500...
[25/Mar/2022 09:24:48,898] No changes detected (ID: 2679)
[25/Mar/2022 09:24:48,898] Saving product 207/500...
[25/Mar/2022 09:24:48,901] No changes detected (ID: 2683)
[25/Mar/2022 09:24:48,901] Saving product 208/500...
[25/Mar/2022 09:24:48,904] No changes detected (ID: 2682)
[25/Mar/2022 09:24:48,905] Saving product 209/500...
[25/Mar/2022 09:24:48,908] No changes detected (ID: 2685)
[25/Mar/2022 09:24:48,908] Saving product 210/500...
[25/Mar/2022 09:24:48,911] No changes detected (ID: 2686)
[25/Mar/2022 09:24:48,911] Saving product 211/500...
[25/Mar/2022 09:24:48,914] No changes detected (ID: 2687)
[25/Mar/2022 09:24:48,914] Saving product 212/500...
[25/Mar/2022 09:24:48,917] No changes detected (ID: 2688)
[25/Mar/2022 09:24:48,918] Saving product 213/500...
[25/Mar/2022 09:24:48,921] No changes detected (ID: 2689)
[25/Mar/2022 09:24:48,921] Saving product 214/500...
[25/Mar/2022 09:24:48,924] No changes detected (ID: 2987)
[25/Mar/2022 09:24:48,924] Saving product 215/500...
[25/Mar/2022 09:24:48,927] No changes detected (ID: 2690)
[25/Mar/2022 09:24:48,927] Saving product 216/500...
[25/Mar/2022 09:24:48,930] No changes detected (ID: 2691)
[25/Mar/2022 09:24:48,930] Saving product 217/500...
[25/Mar/2022 09:24:48,933] No changes detected (ID: 2692)
[25/Mar/2022 09:24:48,934] Saving product 218/500...
[25/Mar/2022 09:24:48,937] No changes detected (ID: 2694)
[25/Mar/2022 09:24:48,938] Saving product 219/500...
[25/Mar/2022 09:24:48,941] No changes detected (ID: 2695)
[25/Mar/2022 09:24:48,941] Saving product 220/500...
[25/Mar/2022 09:24:48,944] No changes detected (ID: 2693)
[25/Mar/2022 09:24:48,944] Saving product 221/500...
[25/Mar/2022 09:24:48,948] No changes detected (ID: 2696)
[25/Mar/2022 09:24:48,948] Saving product 222/500...
[25/Mar/2022 09:24:48,951] No changes detected (ID: 2697)
[25/Mar/2022 09:24:48,951] Saving product 223/500...
[25/Mar/2022 09:24:48,954] No changes detected (ID: 2699)
[25/Mar/2022 09:24:48,954] Saving product 224/500...
[25/Mar/2022 09:24:48,958] No changes detected (ID: 2698)
[25/Mar/2022 09:24:48,958] Saving product 225/500...
[25/Mar/2022 09:24:48,962] No changes detected (ID: 2701)
[25/Mar/2022 09:24:48,962] Saving product 226/500...
[25/Mar/2022 09:24:48,965] No changes detected (ID: 2700)
[25/Mar/2022 09:24:48,965] Saving product 227/500...
[25/Mar/2022 09:24:48,968] No changes detected (ID: 2703)
[25/Mar/2022 09:24:48,968] Saving product 228/500...
[25/Mar/2022 09:24:48,971] No changes detected (ID: 2702)
[25/Mar/2022 09:24:48,971] Saving product 229/500...
[25/Mar/2022 09:24:48,975] No changes detected (ID: 2704)
[25/Mar/2022 09:24:48,975] Saving product 230/500...
[25/Mar/2022 09:24:48,978] No changes detected (ID: 2716)
[25/Mar/2022 09:24:48,978] Saving product 231/500...
[25/Mar/2022 09:24:48,981] No changes detected (ID: 2705)
[25/Mar/2022 09:24:48,982] Saving product 232/500...
[25/Mar/2022 09:24:48,985] No changes detected (ID: 2707)
[25/Mar/2022 09:24:48,985] Saving product 233/500...
[25/Mar/2022 09:24:48,989] No changes detected (ID: 2706)
[25/Mar/2022 09:24:48,989] Saving product 234/500...
[25/Mar/2022 09:24:48,992] No changes detected (ID: 2708)
[25/Mar/2022 09:24:48,992] Saving product 235/500...
[25/Mar/2022 09:24:48,995] No changes detected (ID: 2709)
[25/Mar/2022 09:24:48,995] Saving product 236/500...
[25/Mar/2022 09:24:48,999] No changes detected (ID: 2710)
[25/Mar/2022 09:24:48,999] Saving product 237/500...
[25/Mar/2022 09:24:49,002] No changes detected (ID: 2711)
[25/Mar/2022 09:24:49,002] Saving product 238/500...
[25/Mar/2022 09:24:49,006] No changes detected (ID: 2712)
[25/Mar/2022 09:24:49,006] Saving product 239/500...
[25/Mar/2022 09:24:49,009] No changes detected (ID: 2714)
[25/Mar/2022 09:24:49,009] Saving product 240/500...
[25/Mar/2022 09:24:49,012] No changes detected (ID: 2713)
[25/Mar/2022 09:24:49,012] Saving product 241/500...
[25/Mar/2022 09:24:49,015] No changes detected (ID: 2715)
[25/Mar/2022 09:24:49,015] Saving product 242/500...
[25/Mar/2022 09:24:49,018] No changes detected (ID: 2717)
[25/Mar/2022 09:24:49,019] Saving product 243/500...
[25/Mar/2022 09:24:49,022] No changes detected (ID: 2718)
[25/Mar/2022 09:24:49,022] Saving product 244/500...
[25/Mar/2022 09:24:49,026] No changes detected (ID: 2719)
[25/Mar/2022 09:24:49,026] Saving product 245/500...
[25/Mar/2022 09:24:49,029] No changes detected (ID: 2731)
[25/Mar/2022 09:24:49,029] Saving product 246/500...
[25/Mar/2022 09:24:49,032] No changes detected (ID: 2722)
[25/Mar/2022 09:24:49,032] Saving product 247/500...
[25/Mar/2022 09:24:49,035] No changes detected (ID: 2720)
[25/Mar/2022 09:24:49,036] Saving product 248/500...
[25/Mar/2022 09:24:49,039] No changes detected (ID: 2721)
[25/Mar/2022 09:24:49,039] Saving product 249/500...
[25/Mar/2022 09:24:49,042] No changes detected (ID: 2723)
[25/Mar/2022 09:24:49,042] Saving product 250/500...
[25/Mar/2022 09:24:49,046] No changes detected (ID: 2724)
[25/Mar/2022 09:24:49,046] Saving product 251/500...
[25/Mar/2022 09:24:49,049] No changes detected (ID: 2725)
[25/Mar/2022 09:24:49,049] Saving product 252/500...
[25/Mar/2022 09:24:49,052] No changes detected (ID: 2726)
[25/Mar/2022 09:24:49,052] Saving product 253/500...
[25/Mar/2022 09:24:49,052] Saving product 254/500...
[25/Mar/2022 09:24:49,055] No changes detected (ID: 2733)
[25/Mar/2022 09:24:49,055] Saving product 255/500...
[25/Mar/2022 09:24:49,059] No changes detected (ID: 2727)
[25/Mar/2022 09:24:49,059] Saving product 256/500...
[25/Mar/2022 09:24:49,062] No changes detected (ID: 2729)
[25/Mar/2022 09:24:49,062] Saving product 257/500...
[25/Mar/2022 09:24:49,065] No changes detected (ID: 2988)
[25/Mar/2022 09:24:49,065] Saving product 258/500...
[25/Mar/2022 09:24:49,068] No changes detected (ID: 2730)
[25/Mar/2022 09:24:49,068] Saving product 259/500...
[25/Mar/2022 09:24:49,072] No changes detected (ID: 2732)
[25/Mar/2022 09:24:49,072] Saving product 260/500...
[25/Mar/2022 09:24:49,075] No changes detected (ID: 2735)
[25/Mar/2022 09:24:49,075] Saving product 261/500...
[25/Mar/2022 09:24:49,075] Saving product 262/500...
[25/Mar/2022 09:24:49,078] No changes detected (ID: 2736)
[25/Mar/2022 09:24:49,078] Saving product 263/500...
[25/Mar/2022 09:24:49,081] No changes detected (ID: 2734)
[25/Mar/2022 09:24:49,081] Saving product 264/500...
[25/Mar/2022 09:24:49,084] No changes detected (ID: 2989)
[25/Mar/2022 09:24:49,084] Saving product 265/500...
[25/Mar/2022 09:24:49,088] No changes detected (ID: 2738)
[25/Mar/2022 09:24:49,088] Saving product 266/500...
[25/Mar/2022 09:24:49,091] No changes detected (ID: 2739)
[25/Mar/2022 09:24:49,091] Saving product 267/500...
[25/Mar/2022 09:24:49,095] No changes detected (ID: 2741)
[25/Mar/2022 09:24:49,095] Saving product 268/500...
[25/Mar/2022 09:24:49,098] No changes detected (ID: 2742)
[25/Mar/2022 09:24:49,098] Saving product 269/500...
[25/Mar/2022 09:24:49,101] No changes detected (ID: 2740)
[25/Mar/2022 09:24:49,101] Saving product 270/500...
[25/Mar/2022 09:24:49,104] No changes detected (ID: 2990)
[25/Mar/2022 09:24:49,105] Saving product 271/500...
[25/Mar/2022 09:24:49,108] No changes detected (ID: 2766)
[25/Mar/2022 09:24:49,108] Saving product 272/500...
[25/Mar/2022 09:24:49,112] No changes detected (ID: 2745)
[25/Mar/2022 09:24:49,112] Saving product 273/500...
[25/Mar/2022 09:24:49,112] Saving product 274/500...
[25/Mar/2022 09:24:49,115] No changes detected (ID: 2744)
[25/Mar/2022 09:24:49,115] Saving product 275/500...
[25/Mar/2022 09:24:49,118] No changes detected (ID: 2747)
[25/Mar/2022 09:24:49,118] Saving product 276/500...
[25/Mar/2022 09:24:49,121] No changes detected (ID: 2750)
[25/Mar/2022 09:24:49,122] Saving product 277/500...
[25/Mar/2022 09:24:49,125] No changes detected (ID: 2746)
[25/Mar/2022 09:24:49,125] Saving product 278/500...
[25/Mar/2022 09:24:49,128] No changes detected (ID: 2749)
[25/Mar/2022 09:24:49,128] Saving product 279/500...
[25/Mar/2022 09:24:49,132] No changes detected (ID: 2748)
[25/Mar/2022 09:24:49,132] Saving product 280/500...
[25/Mar/2022 09:24:49,135] No changes detected (ID: 2751)
[25/Mar/2022 09:24:49,135] Saving product 281/500...
[25/Mar/2022 09:24:49,139] No changes detected (ID: 2991)
[25/Mar/2022 09:24:49,139] Saving product 282/500...
[25/Mar/2022 09:24:49,143] No changes detected (ID: 2754)
[25/Mar/2022 09:24:49,143] Saving product 283/500...
[25/Mar/2022 09:24:49,146] No changes detected (ID: 2752)
[25/Mar/2022 09:24:49,146] Saving product 284/500...
[25/Mar/2022 09:24:49,150] No changes detected (ID: 2757)
[25/Mar/2022 09:24:49,150] Saving product 285/500...
[25/Mar/2022 09:24:49,155] No changes detected (ID: 2755)
[25/Mar/2022 09:24:49,155] Saving product 286/500...
[25/Mar/2022 09:24:49,160] No changes detected (ID: 2756)
[25/Mar/2022 09:24:49,160] Saving product 287/500...
[25/Mar/2022 09:24:49,166] No changes detected (ID: 2759)
[25/Mar/2022 09:24:49,166] Saving product 288/500...
[25/Mar/2022 09:24:49,169] No changes detected (ID: 2771)
[25/Mar/2022 09:24:49,169] Saving product 289/500...
[25/Mar/2022 09:24:49,173] No changes detected (ID: 2758)
[25/Mar/2022 09:24:49,173] Saving product 290/500...
[25/Mar/2022 09:24:49,176] No changes detected (ID: 2760)
[25/Mar/2022 09:24:49,176] Saving product 291/500...
[25/Mar/2022 09:24:49,180] No changes detected (ID: 2765)
[25/Mar/2022 09:24:49,180] Saving product 292/500...
[25/Mar/2022 09:24:49,183] No changes detected (ID: 2761)
[25/Mar/2022 09:24:49,183] Saving product 293/500...
[25/Mar/2022 09:24:49,186] No changes detected (ID: 2762)
[25/Mar/2022 09:24:49,186] Saving product 294/500...
[25/Mar/2022 09:24:49,186] Saving product 295/500...
[25/Mar/2022 09:24:49,190] No changes detected (ID: 2764)
[25/Mar/2022 09:24:49,190] Saving product 296/500...
[25/Mar/2022 09:24:49,193] No changes detected (ID: 2763)
[25/Mar/2022 09:24:49,193] Saving product 297/500...
[25/Mar/2022 09:24:49,197] No changes detected (ID: 2767)
[25/Mar/2022 09:24:49,197] Saving product 298/500...
[25/Mar/2022 09:24:49,200] No changes detected (ID: 2784)
[25/Mar/2022 09:24:49,200] Saving product 299/500...
[25/Mar/2022 09:24:49,200] Saving product 300/500...
[25/Mar/2022 09:24:49,203] No changes detected (ID: 2768)
[25/Mar/2022 09:24:49,203] Saving product 301/500...
[25/Mar/2022 09:24:49,207] No changes detected (ID: 2797)
[25/Mar/2022 09:24:49,207] Saving product 302/500...
[25/Mar/2022 09:24:49,210] No changes detected (ID: 2992)
[25/Mar/2022 09:24:49,210] Saving product 303/500...
[25/Mar/2022 09:24:49,213] No changes detected (ID: 2770)
[25/Mar/2022 09:24:49,214] Saving product 304/500...
[25/Mar/2022 09:24:49,217] No changes detected (ID: 2772)
[25/Mar/2022 09:24:49,217] Saving product 305/500...
[25/Mar/2022 09:24:49,220] No changes detected (ID: 2773)
[25/Mar/2022 09:24:49,221] Saving product 306/500...
[25/Mar/2022 09:24:49,224] No changes detected (ID: 2774)
[25/Mar/2022 09:24:49,224] Saving product 307/500...
[25/Mar/2022 09:24:49,227] No changes detected (ID: 2993)
[25/Mar/2022 09:24:49,228] Saving product 308/500...
[25/Mar/2022 09:24:49,231] No changes detected (ID: 2777)
[25/Mar/2022 09:24:49,231] Saving product 309/500...
[25/Mar/2022 09:24:49,234] No changes detected (ID: 2804)
[25/Mar/2022 09:24:49,234] Saving product 310/500...
[25/Mar/2022 09:24:49,237] No changes detected (ID: 2776)
[25/Mar/2022 09:24:49,237] Saving product 311/500...
[25/Mar/2022 09:24:49,241] No changes detected (ID: 2778)
[25/Mar/2022 09:24:49,241] Saving product 312/500...
[25/Mar/2022 09:24:49,244] No changes detected (ID: 2779)
[25/Mar/2022 09:24:49,245] Saving product 313/500...
[25/Mar/2022 09:24:49,248] No changes detected (ID: 2781)
[25/Mar/2022 09:24:49,248] Saving product 314/500...
[25/Mar/2022 09:24:49,251] No changes detected (ID: 2782)
[25/Mar/2022 09:24:49,251] Saving product 315/500...
[25/Mar/2022 09:24:49,254] No changes detected (ID: 2780)
[25/Mar/2022 09:24:49,254] Saving product 316/500...
[25/Mar/2022 09:24:49,258] No changes detected (ID: 2783)
[25/Mar/2022 09:24:49,258] Saving product 317/500...
[25/Mar/2022 09:24:49,261] No changes detected (ID: 2785)
[25/Mar/2022 09:24:49,261] Saving product 318/500...
[25/Mar/2022 09:24:49,264] No changes detected (ID: 2786)
[25/Mar/2022 09:24:49,265] Saving product 319/500...
[25/Mar/2022 09:24:49,267] No changes detected (ID: 2787)
[25/Mar/2022 09:24:49,268] Saving product 320/500...
[25/Mar/2022 09:24:49,271] No changes detected (ID: 2788)
[25/Mar/2022 09:24:49,271] Saving product 321/500...
[25/Mar/2022 09:24:49,275] No changes detected (ID: 2789)
[25/Mar/2022 09:24:49,275] Saving product 322/500...
[25/Mar/2022 09:24:49,278] No changes detected (ID: 2790)
[25/Mar/2022 09:24:49,278] Saving product 323/500...
[25/Mar/2022 09:24:49,281] No changes detected (ID: 2820)
[25/Mar/2022 09:24:49,281] Saving product 324/500...
[25/Mar/2022 09:24:49,284] No changes detected (ID: 2791)
[25/Mar/2022 09:24:49,284] Saving product 325/500...
[25/Mar/2022 09:24:49,287] No changes detected (ID: 2792)
[25/Mar/2022 09:24:49,288] Saving product 326/500...
[25/Mar/2022 09:24:49,291] No changes detected (ID: 2793)
[25/Mar/2022 09:24:49,291] Saving product 327/500...
[25/Mar/2022 09:24:49,294] No changes detected (ID: 2802)
[25/Mar/2022 09:24:49,294] Saving product 328/500...
[25/Mar/2022 09:24:49,297] No changes detected (ID: 2794)
[25/Mar/2022 09:24:49,297] Saving product 329/500...
[25/Mar/2022 09:24:49,300] No changes detected (ID: 2795)
[25/Mar/2022 09:24:49,300] Saving product 330/500...
[25/Mar/2022 09:24:49,303] No changes detected (ID: 2796)
[25/Mar/2022 09:24:49,303] Saving product 331/500...
[25/Mar/2022 09:24:49,307] No changes detected (ID: 2798)
[25/Mar/2022 09:24:49,307] Saving product 332/500...
[25/Mar/2022 09:24:49,311] No changes detected (ID: 2800)
[25/Mar/2022 09:24:49,311] Saving product 333/500...
[25/Mar/2022 09:24:49,314] No changes detected (ID: 2801)
[25/Mar/2022 09:24:49,314] Saving product 334/500...
[25/Mar/2022 09:24:49,317] No changes detected (ID: 2799)
[25/Mar/2022 09:24:49,317] Saving product 335/500...
[25/Mar/2022 09:24:49,320] No changes detected (ID: 2803)
[25/Mar/2022 09:24:49,320] Saving product 336/500...
[25/Mar/2022 09:24:49,324] No changes detected (ID: 2994)
[25/Mar/2022 09:24:49,324] Saving product 337/500...
[25/Mar/2022 09:24:49,327] No changes detected (ID: 2805)
[25/Mar/2022 09:24:49,327] Saving product 338/500...
[25/Mar/2022 09:24:49,330] No changes detected (ID: 2817)
[25/Mar/2022 09:24:49,330] Saving product 339/500...
[25/Mar/2022 09:24:49,334] No changes detected (ID: 2823)
[25/Mar/2022 09:24:49,334] Saving product 340/500...
[25/Mar/2022 09:24:49,337] No changes detected (ID: 2806)
[25/Mar/2022 09:24:49,337] Saving product 341/500...
[25/Mar/2022 09:24:49,340] No changes detected (ID: 2808)
[25/Mar/2022 09:24:49,341] Saving product 342/500...
[25/Mar/2022 09:24:49,344] No changes detected (ID: 2809)
[25/Mar/2022 09:24:49,344] Saving product 343/500...
[25/Mar/2022 09:24:49,347] No changes detected (ID: 2811)
[25/Mar/2022 09:24:49,347] Saving product 344/500...
[25/Mar/2022 09:24:49,350] No changes detected (ID: 2810)
[25/Mar/2022 09:24:49,350] Saving product 345/500...
[25/Mar/2022 09:24:49,354] No changes detected (ID: 2813)
[25/Mar/2022 09:24:49,354] Saving product 346/500...
[25/Mar/2022 09:24:49,357] No changes detected (ID: 2814)
[25/Mar/2022 09:24:49,357] Saving product 347/500...
[25/Mar/2022 09:24:49,361] No changes detected (ID: 2815)
[25/Mar/2022 09:24:49,361] Saving product 348/500...
[25/Mar/2022 09:24:49,364] No changes detected (ID: 2807)
[25/Mar/2022 09:24:49,364] Saving product 349/500...
[25/Mar/2022 09:24:49,367] No changes detected (ID: 2995)
[25/Mar/2022 09:24:49,368] Saving product 350/500...
[25/Mar/2022 09:24:49,371] No changes detected (ID: 2812)
[25/Mar/2022 09:24:49,371] Saving product 351/500...
[25/Mar/2022 09:24:49,375] No changes detected (ID: 2996)
[25/Mar/2022 09:24:49,375] Saving product 352/500...
[25/Mar/2022 09:24:49,378] No changes detected (ID: 2818)
[25/Mar/2022 09:24:49,378] Saving product 353/500...
[25/Mar/2022 09:24:49,378] Saving product 354/500...
[25/Mar/2022 09:24:49,381] No changes detected (ID: 2824)
[25/Mar/2022 09:24:49,381] Saving product 355/500...
[25/Mar/2022 09:24:49,384] No changes detected (ID: 2825)
[25/Mar/2022 09:24:49,384] Saving product 356/500...
[25/Mar/2022 09:24:49,388] No changes detected (ID: 2828)
[25/Mar/2022 09:24:49,388] Saving product 357/500...
[25/Mar/2022 09:24:49,392] No changes detected (ID: 2829)
[25/Mar/2022 09:24:49,392] Saving product 358/500...
[25/Mar/2022 09:24:49,395] No changes detected (ID: 2997)
[25/Mar/2022 09:24:49,395] Saving product 359/500...
[25/Mar/2022 09:24:49,398] No changes detected (ID: 2826)
[25/Mar/2022 09:24:49,399] Saving product 360/500...
[25/Mar/2022 09:24:49,402] No changes detected (ID: 2998)
[25/Mar/2022 09:24:49,402] Saving product 361/500...
[25/Mar/2022 09:24:49,405] No changes detected (ID: 2832)
[25/Mar/2022 09:24:49,405] Saving product 362/500...
[25/Mar/2022 09:24:49,409] No changes detected (ID: 2831)
[25/Mar/2022 09:24:49,409] Saving product 363/500...
[25/Mar/2022 09:24:49,412] No changes detected (ID: 2833)
[25/Mar/2022 09:24:49,413] Saving product 364/500...
[25/Mar/2022 09:24:49,416] No changes detected (ID: 2834)
[25/Mar/2022 09:24:49,416] Saving product 365/500...
[25/Mar/2022 09:24:49,419] No changes detected (ID: 2847)
[25/Mar/2022 09:24:49,419] Saving product 366/500...
[25/Mar/2022 09:24:49,422] No changes detected (ID: 2835)
[25/Mar/2022 09:24:49,422] Saving product 367/500...
[25/Mar/2022 09:24:49,425] No changes detected (ID: 2836)
[25/Mar/2022 09:24:49,426] Saving product 368/500...
[25/Mar/2022 09:24:49,429] No changes detected (ID: 2837)
[25/Mar/2022 09:24:49,429] Saving product 369/500...
[25/Mar/2022 09:24:49,432] No changes detected (ID: 2839)
[25/Mar/2022 09:24:49,432] Saving product 370/500...
[25/Mar/2022 09:24:49,435] No changes detected (ID: 2840)
[25/Mar/2022 09:24:49,435] Saving product 371/500...
[25/Mar/2022 09:24:49,439] No changes detected (ID: 2999)
[25/Mar/2022 09:24:49,439] Saving product 372/500...
[25/Mar/2022 09:24:49,442] No changes detected (ID: 2838)
[25/Mar/2022 09:24:49,443] Saving product 373/500...
[25/Mar/2022 09:24:49,446] No changes detected (ID: 2842)
[25/Mar/2022 09:24:49,446] Saving product 374/500...
[25/Mar/2022 09:24:49,449] No changes detected (ID: 2843)
[25/Mar/2022 09:24:49,449] Saving product 375/500...
[25/Mar/2022 09:24:49,452] No changes detected (ID: 2841)
[25/Mar/2022 09:24:49,452] Saving product 376/500...
[25/Mar/2022 09:24:49,456] No changes detected (ID: 2844)
[25/Mar/2022 09:24:49,456] Saving product 377/500...
[25/Mar/2022 09:24:49,459] No changes detected (ID: 2845)
[25/Mar/2022 09:24:49,459] Saving product 378/500...
[25/Mar/2022 09:24:49,463] No changes detected (ID: 2848)
[25/Mar/2022 09:24:49,463] Saving product 379/500...
[25/Mar/2022 09:24:49,466] No changes detected (ID: 2846)
[25/Mar/2022 09:24:49,466] Saving product 380/500...
[25/Mar/2022 09:24:49,469] No changes detected (ID: 2855)
[25/Mar/2022 09:24:49,469] Saving product 381/500...
[25/Mar/2022 09:24:49,473] No changes detected (ID: 2852)
[25/Mar/2022 09:24:49,473] Saving product 382/500...
[25/Mar/2022 09:24:49,476] No changes detected (ID: 2850)
[25/Mar/2022 09:24:49,476] Saving product 383/500...
[25/Mar/2022 09:24:49,479] No changes detected (ID: 2853)
[25/Mar/2022 09:24:49,479] Saving product 384/500...
[25/Mar/2022 09:24:49,479] Saving product 385/500...
[25/Mar/2022 09:24:49,483] No changes detected (ID: 2851)
[25/Mar/2022 09:24:49,483] Saving product 386/500...
[25/Mar/2022 09:24:49,486] No changes detected (ID: 2854)
[25/Mar/2022 09:24:49,486] Saving product 387/500...
[25/Mar/2022 09:24:49,486] Saving product 388/500...
[25/Mar/2022 09:24:49,489] No changes detected (ID: 2856)
[25/Mar/2022 09:24:49,489] Saving product 389/500...
[25/Mar/2022 09:24:49,492] No changes detected (ID: 2857)
[25/Mar/2022 09:24:49,493] Saving product 390/500...
[25/Mar/2022 09:24:49,493] Saving product 391/500...
[25/Mar/2022 09:24:49,496] No changes detected (ID: 2858)
[25/Mar/2022 09:24:49,496] Saving product 392/500...
[25/Mar/2022 09:24:49,499] No changes detected (ID: 2859)
[25/Mar/2022 09:24:49,499] Saving product 393/500...
[25/Mar/2022 09:24:49,502] No changes detected (ID: 2880)
[25/Mar/2022 09:24:49,502] Saving product 394/500...
[25/Mar/2022 09:24:49,505] No changes detected (ID: 2860)
[25/Mar/2022 09:24:49,505] Saving product 395/500...
[25/Mar/2022 09:24:49,508] No changes detected (ID: 2864)
[25/Mar/2022 09:24:49,509] Saving product 396/500...
[25/Mar/2022 09:24:49,512] No changes detected (ID: 2861)
[25/Mar/2022 09:24:49,512] Saving product 397/500...
[25/Mar/2022 09:24:49,515] No changes detected (ID: 2862)
[25/Mar/2022 09:24:49,515] Saving product 398/500...
[25/Mar/2022 09:24:49,518] No changes detected (ID: 2863)
[25/Mar/2022 09:24:49,518] Saving product 399/500...
[25/Mar/2022 09:24:49,522] No changes detected (ID: 2867)
[25/Mar/2022 09:24:49,522] Saving product 400/500...
[25/Mar/2022 09:24:49,525] No changes detected (ID: 2866)
[25/Mar/2022 09:24:49,525] Saving product 401/500...
[25/Mar/2022 09:24:49,528] No changes detected (ID: 2865)
[25/Mar/2022 09:24:49,529] Saving product 402/500...
[25/Mar/2022 09:24:49,532] No changes detected (ID: 2870)
[25/Mar/2022 09:24:49,532] Saving product 403/500...
[25/Mar/2022 09:24:49,535] No changes detected (ID: 2868)
[25/Mar/2022 09:24:49,535] Saving product 404/500...
[25/Mar/2022 09:24:49,538] No changes detected (ID: 2871)
[25/Mar/2022 09:24:49,538] Saving product 405/500...
[25/Mar/2022 09:24:49,542] No changes detected (ID: 3000)
[25/Mar/2022 09:24:49,542] Saving product 406/500...
[25/Mar/2022 09:24:49,545] No changes detected (ID: 2872)
[25/Mar/2022 09:24:49,545] Saving product 407/500...
[25/Mar/2022 09:24:49,548] No changes detected (ID: 2873)
[25/Mar/2022 09:24:49,548] Saving product 408/500...
[25/Mar/2022 09:24:49,551] No changes detected (ID: 2869)
[25/Mar/2022 09:24:49,551] Saving product 409/500...
[25/Mar/2022 09:24:49,555] No changes detected (ID: 2874)
[25/Mar/2022 09:24:49,555] Saving product 410/500...
[25/Mar/2022 09:24:49,558] No changes detected (ID: 2875)
[25/Mar/2022 09:24:49,559] Saving product 411/500...
[25/Mar/2022 09:24:49,562] No changes detected (ID: 2876)
[25/Mar/2022 09:24:49,562] Saving product 412/500...
[25/Mar/2022 09:24:49,565] No changes detected (ID: 2877)
[25/Mar/2022 09:24:49,565] Saving product 413/500...
[25/Mar/2022 09:24:49,568] No changes detected (ID: 2878)
[25/Mar/2022 09:24:49,568] Saving product 414/500...
[25/Mar/2022 09:24:49,571] No changes detected (ID: 2879)
[25/Mar/2022 09:24:49,571] Saving product 415/500...
[25/Mar/2022 09:24:49,575] No changes detected (ID: 3001)
[25/Mar/2022 09:24:49,575] Saving product 416/500...
[25/Mar/2022 09:24:49,578] No changes detected (ID: 2883)
[25/Mar/2022 09:24:49,578] Saving product 417/500...
[25/Mar/2022 09:24:49,581] No changes detected (ID: 2884)
[25/Mar/2022 09:24:49,581] Saving product 418/500...
[25/Mar/2022 09:24:49,584] No changes detected (ID: 2881)
[25/Mar/2022 09:24:49,584] Saving product 419/500...
[25/Mar/2022 09:24:49,587] No changes detected (ID: 2882)
[25/Mar/2022 09:24:49,588] Saving product 420/500...
[25/Mar/2022 09:24:49,591] No changes detected (ID: 2887)
[25/Mar/2022 09:24:49,591] Saving product 421/500...
[25/Mar/2022 09:24:49,594] No changes detected (ID: 2885)
[25/Mar/2022 09:24:49,594] Saving product 422/500...
[25/Mar/2022 09:24:49,597] No changes detected (ID: 2888)
[25/Mar/2022 09:24:49,597] Saving product 423/500...
[25/Mar/2022 09:24:49,601] No changes detected (ID: 2889)
[25/Mar/2022 09:24:49,601] Saving product 424/500...
[25/Mar/2022 09:24:49,604] No changes detected (ID: 2890)
[25/Mar/2022 09:24:49,604] Saving product 425/500...
[25/Mar/2022 09:24:49,607] No changes detected (ID: 2893)
[25/Mar/2022 09:24:49,608] Saving product 426/500...
[25/Mar/2022 09:24:49,611] No changes detected (ID: 2907)
[25/Mar/2022 09:24:49,611] Saving product 427/500...
[25/Mar/2022 09:24:49,617] New product created !
[25/Mar/2022 09:24:49,617] Saving product 428/500...
[25/Mar/2022 09:24:49,621] No changes detected (ID: 2892)
[25/Mar/2022 09:24:49,621] Saving product 429/500...
[25/Mar/2022 09:24:49,624] No changes detected (ID: 2894)
[25/Mar/2022 09:24:49,624] Saving product 430/500...
[25/Mar/2022 09:24:49,628] No changes detected (ID: 3002)
[25/Mar/2022 09:24:49,628] Saving product 431/500...
[25/Mar/2022 09:24:49,631] No changes detected (ID: 2895)
[25/Mar/2022 09:24:49,631] Saving product 432/500...
[25/Mar/2022 09:24:49,634] No changes detected (ID: 2898)
[25/Mar/2022 09:24:49,634] Saving product 433/500...
[25/Mar/2022 09:24:49,637] No changes detected (ID: 2902)
[25/Mar/2022 09:24:49,638] Saving product 434/500...
[25/Mar/2022 09:24:49,641] No changes detected (ID: 2896)
[25/Mar/2022 09:24:49,641] Saving product 435/500...
[25/Mar/2022 09:24:49,644] No changes detected (ID: 2897)
[25/Mar/2022 09:24:49,645] Saving product 436/500...
[25/Mar/2022 09:24:49,648] No changes detected (ID: 2899)
[25/Mar/2022 09:24:49,648] Saving product 437/500...
[25/Mar/2022 09:24:49,651] No changes detected (ID: 2900)
[25/Mar/2022 09:24:49,651] Saving product 438/500...
[25/Mar/2022 09:24:49,655] No changes detected (ID: 2901)
[25/Mar/2022 09:24:49,655] Saving product 439/500...
[25/Mar/2022 09:24:49,658] No changes detected (ID: 2903)
[25/Mar/2022 09:24:49,658] Saving product 440/500...
[25/Mar/2022 09:24:49,661] No changes detected (ID: 3003)
[25/Mar/2022 09:24:49,662] Saving product 441/500...
[25/Mar/2022 09:24:49,665] No changes detected (ID: 2905)
[25/Mar/2022 09:24:49,665] Saving product 442/500...
[25/Mar/2022 09:24:49,665] Saving product 443/500...
[25/Mar/2022 09:24:49,668] No changes detected (ID: 2909)
[25/Mar/2022 09:24:49,668] Saving product 444/500...
[25/Mar/2022 09:24:49,671] No changes detected (ID: 2908)
[25/Mar/2022 09:24:49,671] Saving product 445/500...
[25/Mar/2022 09:24:49,675] No changes detected (ID: 2916)
[25/Mar/2022 09:24:49,675] Saving product 446/500...
[25/Mar/2022 09:24:49,678] No changes detected (ID: 2911)
[25/Mar/2022 09:24:49,678] Saving product 447/500...
[25/Mar/2022 09:24:49,681] No changes detected (ID: 3004)
[25/Mar/2022 09:24:49,681] Saving product 448/500...
[25/Mar/2022 09:24:49,685] No changes detected (ID: 2913)
[25/Mar/2022 09:24:49,685] Saving product 449/500...
[25/Mar/2022 09:24:49,688] No changes detected (ID: 2914)
[25/Mar/2022 09:24:49,688] Saving product 450/500...
[25/Mar/2022 09:24:49,692] No changes detected (ID: 2912)
[25/Mar/2022 09:24:49,692] Saving product 451/500...
[25/Mar/2022 09:24:49,695] No changes detected (ID: 2915)
[25/Mar/2022 09:24:49,695] Saving product 452/500...
[25/Mar/2022 09:24:49,698] No changes detected (ID: 2918)
[25/Mar/2022 09:24:49,698] Saving product 453/500...
[25/Mar/2022 09:24:49,701] No changes detected (ID: 2919)
[25/Mar/2022 09:24:49,701] Saving product 454/500...
[25/Mar/2022 09:24:49,705] No changes detected (ID: 2920)
[25/Mar/2022 09:24:49,705] Saving product 455/500...
[25/Mar/2022 09:24:49,708] No changes detected (ID: 2917)
[25/Mar/2022 09:24:49,708] Saving product 456/500...
[25/Mar/2022 09:24:49,712] No changes detected (ID: 2921)
[25/Mar/2022 09:24:49,712] Saving product 457/500...
[25/Mar/2022 09:24:49,715] No changes detected (ID: 2924)
[25/Mar/2022 09:24:49,715] Saving product 458/500...
[25/Mar/2022 09:24:49,718] No changes detected (ID: 2922)
[25/Mar/2022 09:24:49,718] Saving product 459/500...
[25/Mar/2022 09:24:49,721] No changes detected (ID: 2923)
[25/Mar/2022 09:24:49,722] Saving product 460/500...
[25/Mar/2022 09:24:49,725] No changes detected (ID: 2925)
[25/Mar/2022 09:24:49,725] Saving product 461/500...
[25/Mar/2022 09:24:49,728] No changes detected (ID: 2926)
[25/Mar/2022 09:24:49,728] Saving product 462/500...
[25/Mar/2022 09:24:49,732] No changes detected (ID: 2927)
[25/Mar/2022 09:24:49,732] Saving product 463/500...
[25/Mar/2022 09:24:49,735] No changes detected (ID: 2928)
[25/Mar/2022 09:24:49,735] Saving product 464/500...
[25/Mar/2022 09:24:49,738] No changes detected (ID: 2929)
[25/Mar/2022 09:24:49,738] Saving product 465/500...
[25/Mar/2022 09:24:49,742] No changes detected (ID: 2930)
[25/Mar/2022 09:24:49,742] Saving product 466/500...
[25/Mar/2022 09:24:49,745] No changes detected (ID: 2931)
[25/Mar/2022 09:24:49,745] Saving product 467/500...
[25/Mar/2022 09:24:49,748] No changes detected (ID: 2932)
[25/Mar/2022 09:24:49,748] Saving product 468/500...
[25/Mar/2022 09:24:49,751] No changes detected (ID: 2933)
[25/Mar/2022 09:24:49,751] Saving product 469/500...
[25/Mar/2022 09:24:49,755] No changes detected (ID: 2934)
[25/Mar/2022 09:24:49,755] Saving product 470/500...
[25/Mar/2022 09:24:49,758] No changes detected (ID: 2935)
[25/Mar/2022 09:24:49,758] Saving product 471/500...
[25/Mar/2022 09:24:49,758] Saving product 472/500...
[25/Mar/2022 09:24:49,761] No changes detected (ID: 2962)
[25/Mar/2022 09:24:49,762] Saving product 473/500...
[25/Mar/2022 09:24:49,765] No changes detected (ID: 3005)
[25/Mar/2022 09:24:49,765] Saving product 474/500...
[25/Mar/2022 09:24:49,768] No changes detected (ID: 2937)
[25/Mar/2022 09:24:49,768] Saving product 475/500...
[25/Mar/2022 09:24:49,771] No changes detected (ID: 2939)
[25/Mar/2022 09:24:49,771] Saving product 476/500...
[25/Mar/2022 09:24:49,775] No changes detected (ID: 3006)
[25/Mar/2022 09:24:49,775] Saving product 477/500...
[25/Mar/2022 09:24:49,778] No changes detected (ID: 2936)
[25/Mar/2022 09:24:49,778] Saving product 478/500...
[25/Mar/2022 09:24:49,782] No changes detected (ID: 2941)
[25/Mar/2022 09:24:49,782] Saving product 479/500...
[25/Mar/2022 09:24:49,785] No changes detected (ID: 3007)
[25/Mar/2022 09:24:49,785] Saving product 480/500...
[25/Mar/2022 09:24:49,788] No changes detected (ID: 2942)
[25/Mar/2022 09:24:49,788] Saving product 481/500...
[25/Mar/2022 09:24:49,792] No changes detected (ID: 2940)
[25/Mar/2022 09:24:49,792] Saving product 482/500...
[25/Mar/2022 09:24:49,795] No changes detected (ID: 2943)
[25/Mar/2022 09:24:49,795] Saving product 483/500...
[25/Mar/2022 09:24:49,798] No changes detected (ID: 3008)
[25/Mar/2022 09:24:49,799] Saving product 484/500...
[25/Mar/2022 09:24:49,802] No changes detected (ID: 2944)
[25/Mar/2022 09:24:49,802] Saving product 485/500...
[25/Mar/2022 09:24:49,805] No changes detected (ID: 3009)
[25/Mar/2022 09:24:49,805] Saving product 486/500...
[25/Mar/2022 09:24:49,808] No changes detected (ID: 2945)
[25/Mar/2022 09:24:49,809] Saving product 487/500...
[25/Mar/2022 09:24:49,812] No changes detected (ID: 2948)
[25/Mar/2022 09:24:49,812] Saving product 488/500...
[25/Mar/2022 09:24:49,815] No changes detected (ID: 2949)
[25/Mar/2022 09:24:49,815] Saving product 489/500...
[25/Mar/2022 09:24:49,818] No changes detected (ID: 2950)
[25/Mar/2022 09:24:49,818] Saving product 490/500...
[25/Mar/2022 09:24:49,823] No changes detected (ID: 2951)
[25/Mar/2022 09:24:49,823] Saving product 491/500...
[25/Mar/2022 09:24:49,826] No changes detected (ID: 2946)
[25/Mar/2022 09:24:49,826] Saving product 492/500...
[25/Mar/2022 09:24:49,829] No changes detected (ID: 2947)
[25/Mar/2022 09:24:49,829] Saving product 493/500...
[25/Mar/2022 09:24:49,832] No changes detected (ID: 2953)
[25/Mar/2022 09:24:49,832] Saving product 494/500...
[25/Mar/2022 09:24:49,836] No changes detected (ID: 2956)
[25/Mar/2022 09:24:49,836] Saving product 495/500...
[25/Mar/2022 09:24:49,839] No changes detected (ID: 2958)
[25/Mar/2022 09:24:49,840] Saving product 496/500...
[25/Mar/2022 09:24:49,843] No changes detected (ID: 2959)
[25/Mar/2022 09:24:49,843] Saving product 497/500...
[25/Mar/2022 09:24:49,846] No changes detected (ID: 3010)
[25/Mar/2022 09:24:49,846] Saving product 498/500...
[25/Mar/2022 09:24:49,849] No changes detected (ID: 2954)
[25/Mar/2022 09:24:49,850] Saving product 499/500...
[25/Mar/2022 09:24:49,853] No changes detected (ID: 2955)
[25/Mar/2022 09:24:49,853] Saving product 500/500...
[25/Mar/2022 09:24:49,856] No changes detected (ID: 3011)
[25/Mar/2022 09:24:49,857] - Field is missing : 'nutriscore_grade' - Dropped the item
- Field is missing : 'product_name' - Dropped the item
- Field is missing : 'nutriscore_grade' - Dropped the item
- Field is missing : 'nutriscore_grade' - Dropped the item
- Field is missing : 'nutriscore_grade' - Dropped the item
- Field is missing : 'nutriscore_grade' - Dropped the item
- Field is missing : 'nutriscore_grade' - Dropped the item
- Field is missing : 'nutriscore_grade' - Dropped the item
- Field is missing : 'nutriscore_grade' - Dropped the item
- Field is missing : 'nutriscore_grade' - Dropped the item
- Field is missing : 'nutriscore_grade' - Dropped the item
- Field is missing : 'nutriscore_grade' - Dropped the item
- Field is missing : 'nutriscore_grade' - Dropped the item
- Field is missing : 'nutriscore_grade' - Dropped the item
- Field is missing : 'nutriscore_grade' - Dropped the item
[25/Mar/2022 09:24:49,857] 485 products saved. (1 new, 0 updated, 484 unchanged )
